

Started GET "/users/edit" for ::1 at 2017-02-04 02:29:34 +0200
  [1m[36mActiveRecord::SchemaMigration Load (6.5ms)[0m  [1mSELECT "schema_migrations".* FROM "schema_migrations"[0m
Processing by Devise::RegistrationsController#edit as HTML
  [1m[35mUser Load (0.6ms)[0m  SELECT  "users".* FROM "users" WHERE "users"."id" = $1  ORDER BY "users"."id" ASC LIMIT 1  [["id", 1]]
  Rendered devise/registrations/edit.html.erb within layouts/application (69.4ms)
DEPRECATION WARNING: Extra .css in SCSS file is unnecessary. Rename /Users/craig/www-dev/RA/231-425-3/fut-std-login/app/assets/stylesheets/yeti.css.scss to /Users/craig/www-dev/RA/231-425-3/fut-std-login/app/assets/stylesheets/yeti.scss. (called from _app_views_layouts_application_html_erb__994658731718851807_70187183397340 at /Users/craig/www-dev/RA/231-425-3/fut-std-login/app/views/layouts/application.html.erb:5)
DEPRECATION WARNING: Extra .css in SCSS file is unnecessary. Rename /Users/craig/www-dev/RA/231-425-3/fut-std-login/app/assets/stylesheets/yeti.css.scss to /Users/craig/www-dev/RA/231-425-3/fut-std-login/app/assets/stylesheets/yeti.scss. (called from _app_views_layouts_application_html_erb__994658731718851807_70187183397340 at /Users/craig/www-dev/RA/231-425-3/fut-std-login/app/views/layouts/application.html.erb:5)
  Rendered layouts/_nav.html.erb (0.6ms)
  Rendered layouts/_foot.html.erb (0.2ms)
Completed 200 OK in 4542ms (Views: 4515.1ms | ActiveRecord: 3.4ms)


Started GET "/assets/application.self-464210dd8e8f85bf274a87fa8efd451c2c458da7035d70d18f16294eb179a44e.css?body=1" for ::1 at 2017-02-04 02:29:39 +0200


Started GET "/users/edit" for ::1 at 2017-02-04 02:29:45 +0200
Processing by Devise::RegistrationsController#edit as HTML
  [1m[36mUser Load (0.3ms)[0m  [1mSELECT  "users".* FROM "users" WHERE "users"."id" = $1  ORDER BY "users"."id" ASC LIMIT 1[0m  [["id", 1]]
  Rendered devise/registrations/edit.html.erb within layouts/application (15.1ms)
  Rendered layouts/_nav.html.erb (0.2ms)
  Rendered layouts/_foot.html.erb (0.0ms)
Completed 200 OK in 141ms (Views: 139.7ms | ActiveRecord: 0.3ms)


Started DELETE "/users/sign_out" for ::1 at 2017-02-04 02:29:46 +0200
Processing by Devise::SessionsController#destroy as HTML
  Parameters: {"authenticity_token"=>"Dk3LXM0PM4vy1AIdZOw524j8Ynd9PaE37bsS2VTmJoBkUzfcFJJ5EgHGk6/EdldYocySieNL/cJWemxJ7og4hQ=="}
  [1m[35mUser Load (0.3ms)[0m  SELECT  "users".* FROM "users" WHERE "users"."id" = $1  ORDER BY "users"."id" ASC LIMIT 1  [["id", 1]]
  [1m[36m (0.2ms)[0m  [1mBEGIN[0m
  [1m[35m (0.2ms)[0m  COMMIT
Redirected to http://localhost:3000/
Completed 302 Found in 6ms (ActiveRecord: 0.7ms)


Started GET "/" for ::1 at 2017-02-04 02:29:46 +0200
Processing by PagesController#show as HTML
  Parameters: {"page"=>"home"}
  Rendered pages/home.html.erb within layouts/application (0.2ms)
  Rendered layouts/_nav.html.erb (2.8ms)
  Rendered layouts/_foot.html.erb (0.0ms)
Completed 200 OK in 36ms (Views: 35.7ms | ActiveRecord: 0.0ms)


Started GET "/assets/font-awesome/fontawesome-webfont-2adefcbc041e7d18fcf2d417879dc5a09997aa64d675b7a3c4b6ce33da13f3fe.woff2?v=4.7.0" for ::1 at 2017-02-04 02:29:46 +0200


Started GET "/users/sign_in" for ::1 at 2017-02-04 02:29:49 +0200
Processing by Devise::SessionsController#new as HTML
  Rendered devise/shared/_links.html.erb (10.4ms)
  Rendered devise/sessions/new.html.erb within layouts/application (28.7ms)
  Rendered layouts/_nav.html.erb (0.4ms)
  Rendered layouts/_foot.html.erb (0.1ms)
Completed 200 OK in 78ms (Views: 68.9ms | ActiveRecord: 0.0ms)


Started POST "/users/sign_in" for ::1 at 2017-02-04 02:29:56 +0200
Processing by Devise::SessionsController#create as HTML
  Parameters: {"utf8"=>"✓", "authenticity_token"=>"fnk4hs8WC8YZmhbFtJIVkCkh6MWqAcisWTSlie+YHg5KKpfAqQuf+9vAuRfBwvRW3ZKcYuBbi6cX6/hbCO5XzA==", "user"=>{"email"=>"craig@yoyozi.com", "password"=>"[FILTERED]", "remember_me"=>"0"}, "commit"=>"Log in"}
  [1m[36mUser Load (0.4ms)[0m  [1mSELECT  "users".* FROM "users" WHERE "users"."email" = $1  ORDER BY "users"."id" ASC LIMIT 1[0m  [["email", "craig@yoyozi.com"]]
  [1m[35m (0.2ms)[0m  BEGIN
  [1m[36mSQL (0.3ms)[0m  [1mUPDATE "users" SET "last_sign_in_at" = $1, "current_sign_in_at" = $2, "sign_in_count" = $3, "updated_at" = $4 WHERE "users"."id" = $5[0m  [["last_sign_in_at", "2017-02-03 23:04:37.956860"], ["current_sign_in_at", "2017-02-04 00:29:56.763779"], ["sign_in_count", 5], ["updated_at", "2017-02-04 00:29:56.765443"], ["id", 1]]
  [1m[35m (9.1ms)[0m  COMMIT
Redirected to http://localhost:3000/
Completed 302 Found in 146ms (ActiveRecord: 10.0ms)


Started GET "/" for ::1 at 2017-02-04 02:29:56 +0200
Processing by PagesController#show as HTML
  Parameters: {"page"=>"home"}
  Rendered pages/home.html.erb within layouts/application (0.0ms)
  [1m[36mUser Load (0.3ms)[0m  [1mSELECT  "users".* FROM "users" WHERE "users"."id" = $1  ORDER BY "users"."id" ASC LIMIT 1[0m  [["id", 1]]
  Rendered layouts/_nav.html.erb (1.6ms)
  Rendered layouts/_foot.html.erb (0.1ms)
Completed 200 OK in 34ms (Views: 33.4ms | ActiveRecord: 0.3ms)


Started GET "/users/edit" for ::1 at 2017-02-04 02:29:59 +0200
Processing by Devise::RegistrationsController#edit as HTML
  [1m[35mUser Load (0.4ms)[0m  SELECT  "users".* FROM "users" WHERE "users"."id" = $1  ORDER BY "users"."id" ASC LIMIT 1  [["id", 1]]
  Rendered devise/registrations/edit.html.erb within layouts/application (12.4ms)
  Rendered layouts/_nav.html.erb (0.3ms)
  Rendered layouts/_foot.html.erb (0.0ms)
Completed 200 OK in 50ms (Views: 47.5ms | ActiveRecord: 0.4ms)


Started GET "/" for ::1 at 2017-02-04 20:53:02 +0200

PG::ConnectionBad (could not connect to server: Connection refused
	Is the server running on host "localhost" (::1) and accepting
	TCP/IP connections on port 5432?
could not connect to server: Connection refused
	Is the server running on host "localhost" (127.0.0.1) and accepting
	TCP/IP connections on port 5432?
):
  activerecord (4.2.5) lib/active_record/connection_adapters/postgresql_adapter.rb:651:in `initialize'
  activerecord (4.2.5) lib/active_record/connection_adapters/postgresql_adapter.rb:651:in `new'
  activerecord (4.2.5) lib/active_record/connection_adapters/postgresql_adapter.rb:651:in `connect'
  activerecord (4.2.5) lib/active_record/connection_adapters/postgresql_adapter.rb:242:in `initialize'
  activerecord (4.2.5) lib/active_record/connection_adapters/postgresql_adapter.rb:44:in `new'
  activerecord (4.2.5) lib/active_record/connection_adapters/postgresql_adapter.rb:44:in `postgresql_connection'
  activerecord (4.2.5) lib/active_record/connection_adapters/abstract/connection_pool.rb:438:in `new_connection'
  activerecord (4.2.5) lib/active_record/connection_adapters/abstract/connection_pool.rb:448:in `checkout_new_connection'
  activerecord (4.2.5) lib/active_record/connection_adapters/abstract/connection_pool.rb:422:in `acquire_connection'
  activerecord (4.2.5) lib/active_record/connection_adapters/abstract/connection_pool.rb:349:in `block in checkout'
  /Users/craig/.rbenv/versions/2.3.1/lib/ruby/2.3.0/monitor.rb:214:in `mon_synchronize'
  activerecord (4.2.5) lib/active_record/connection_adapters/abstract/connection_pool.rb:348:in `checkout'
  activerecord (4.2.5) lib/active_record/connection_adapters/abstract/connection_pool.rb:263:in `block in connection'
  /Users/craig/.rbenv/versions/2.3.1/lib/ruby/2.3.0/monitor.rb:214:in `mon_synchronize'
  activerecord (4.2.5) lib/active_record/connection_adapters/abstract/connection_pool.rb:262:in `connection'
  activerecord (4.2.5) lib/active_record/connection_adapters/abstract/connection_pool.rb:571:in `retrieve_connection'
  activerecord (4.2.5) lib/active_record/connection_handling.rb:113:in `retrieve_connection'
  activerecord (4.2.5) lib/active_record/connection_handling.rb:87:in `connection'
  activerecord (4.2.5) lib/active_record/migration.rb:383:in `connection'
  activerecord (4.2.5) lib/active_record/migration.rb:370:in `call'
  actionpack (4.2.5) lib/action_dispatch/middleware/callbacks.rb:29:in `block in call'
  activesupport (4.2.5) lib/active_support/callbacks.rb:88:in `__run_callbacks__'
  activesupport (4.2.5) lib/active_support/callbacks.rb:778:in `_run_call_callbacks'
  activesupport (4.2.5) lib/active_support/callbacks.rb:81:in `run_callbacks'
  actionpack (4.2.5) lib/action_dispatch/middleware/callbacks.rb:27:in `call'
  actionpack (4.2.5) lib/action_dispatch/middleware/reloader.rb:73:in `call'
  actionpack (4.2.5) lib/action_dispatch/middleware/remote_ip.rb:78:in `call'
  actionpack (4.2.5) lib/action_dispatch/middleware/debug_exceptions.rb:17:in `call'
  web-console (2.3.0) lib/web_console/middleware.rb:28:in `block in call'
  web-console (2.3.0) lib/web_console/middleware.rb:18:in `catch'
  web-console (2.3.0) lib/web_console/middleware.rb:18:in `call'
  actionpack (4.2.5) lib/action_dispatch/middleware/show_exceptions.rb:30:in `call'
  railties (4.2.5) lib/rails/rack/logger.rb:38:in `call_app'
  railties (4.2.5) lib/rails/rack/logger.rb:20:in `block in call'
  activesupport (4.2.5) lib/active_support/tagged_logging.rb:68:in `block in tagged'
  activesupport (4.2.5) lib/active_support/tagged_logging.rb:26:in `tagged'
  activesupport (4.2.5) lib/active_support/tagged_logging.rb:68:in `tagged'
  railties (4.2.5) lib/rails/rack/logger.rb:20:in `call'
  actionpack (4.2.5) lib/action_dispatch/middleware/request_id.rb:21:in `call'
  rack (1.6.5) lib/rack/methodoverride.rb:22:in `call'
  rack (1.6.5) lib/rack/runtime.rb:18:in `call'
  activesupport (4.2.5) lib/active_support/cache/strategy/local_cache_middleware.rb:28:in `call'
  rack (1.6.5) lib/rack/lock.rb:17:in `call'
  actionpack (4.2.5) lib/action_dispatch/middleware/static.rb:116:in `call'
  rack (1.6.5) lib/rack/sendfile.rb:113:in `call'
  railties (4.2.5) lib/rails/engine.rb:518:in `call'
  railties (4.2.5) lib/rails/application.rb:165:in `call'
  rack (1.6.5) lib/rack/lock.rb:17:in `call'
  rack (1.6.5) lib/rack/content_length.rb:15:in `call'
  rack (1.6.5) lib/rack/handler/webrick.rb:88:in `service'
  /Users/craig/.rbenv/versions/2.3.1/lib/ruby/2.3.0/webrick/httpserver.rb:140:in `service'
  /Users/craig/.rbenv/versions/2.3.1/lib/ruby/2.3.0/webrick/httpserver.rb:96:in `run'
  /Users/craig/.rbenv/versions/2.3.1/lib/ruby/2.3.0/webrick/server.rb:296:in `block in start_thread'


  Rendered /Users/craig/.rbenv/versions/2.3.1/lib/ruby/gems/2.3.0/gems/actionpack-4.2.5/lib/action_dispatch/middleware/templates/rescues/_source.erb (2.1ms)
  Rendered /Users/craig/.rbenv/versions/2.3.1/lib/ruby/gems/2.3.0/gems/actionpack-4.2.5/lib/action_dispatch/middleware/templates/rescues/_trace.html.erb (1.2ms)
  Rendered /Users/craig/.rbenv/versions/2.3.1/lib/ruby/gems/2.3.0/gems/actionpack-4.2.5/lib/action_dispatch/middleware/templates/rescues/_request_and_response.html.erb (0.6ms)
  Rendered /Users/craig/.rbenv/versions/2.3.1/lib/ruby/gems/2.3.0/gems/actionpack-4.2.5/lib/action_dispatch/middleware/templates/rescues/diagnostics.html.erb within rescues/layout (50.2ms)
  Rendered /Users/craig/.rbenv/versions/2.3.1/lib/ruby/gems/2.3.0/gems/web-console-2.3.0/lib/web_console/templates/_markup.html.erb (0.3ms)
  Rendered /Users/craig/.rbenv/versions/2.3.1/lib/ruby/gems/2.3.0/gems/web-console-2.3.0/lib/web_console/templates/_inner_console_markup.html.erb within layouts/inlined_string (0.3ms)
  Rendered /Users/craig/.rbenv/versions/2.3.1/lib/ruby/gems/2.3.0/gems/web-console-2.3.0/lib/web_console/templates/_prompt_box_markup.html.erb within layouts/inlined_string (0.3ms)
  Rendered /Users/craig/.rbenv/versions/2.3.1/lib/ruby/gems/2.3.0/gems/web-console-2.3.0/lib/web_console/templates/style.css.erb within layouts/inlined_string (0.3ms)
  Rendered /Users/craig/.rbenv/versions/2.3.1/lib/ruby/gems/2.3.0/gems/web-console-2.3.0/lib/web_console/templates/console.js.erb within layouts/javascript (58.6ms)
  Rendered /Users/craig/.rbenv/versions/2.3.1/lib/ruby/gems/2.3.0/gems/web-console-2.3.0/lib/web_console/templates/main.js.erb within layouts/javascript (0.2ms)
  Rendered /Users/craig/.rbenv/versions/2.3.1/lib/ruby/gems/2.3.0/gems/web-console-2.3.0/lib/web_console/templates/error_page.js.erb within layouts/javascript (0.3ms)
  Rendered /Users/craig/.rbenv/versions/2.3.1/lib/ruby/gems/2.3.0/gems/web-console-2.3.0/lib/web_console/templates/index.html.erb (123.8ms)


Started GET "/" for ::1 at 2017-02-04 20:53:22 +0200

PG::ConnectionBad (could not connect to server: Connection refused
	Is the server running on host "localhost" (::1) and accepting
	TCP/IP connections on port 5432?
could not connect to server: Connection refused
	Is the server running on host "localhost" (127.0.0.1) and accepting
	TCP/IP connections on port 5432?
):
  activerecord (4.2.5) lib/active_record/connection_adapters/postgresql_adapter.rb:651:in `initialize'
  activerecord (4.2.5) lib/active_record/connection_adapters/postgresql_adapter.rb:651:in `new'
  activerecord (4.2.5) lib/active_record/connection_adapters/postgresql_adapter.rb:651:in `connect'
  activerecord (4.2.5) lib/active_record/connection_adapters/postgresql_adapter.rb:242:in `initialize'
  activerecord (4.2.5) lib/active_record/connection_adapters/postgresql_adapter.rb:44:in `new'
  activerecord (4.2.5) lib/active_record/connection_adapters/postgresql_adapter.rb:44:in `postgresql_connection'
  activerecord (4.2.5) lib/active_record/connection_adapters/abstract/connection_pool.rb:438:in `new_connection'
  activerecord (4.2.5) lib/active_record/connection_adapters/abstract/connection_pool.rb:448:in `checkout_new_connection'
  activerecord (4.2.5) lib/active_record/connection_adapters/abstract/connection_pool.rb:422:in `acquire_connection'
  activerecord (4.2.5) lib/active_record/connection_adapters/abstract/connection_pool.rb:349:in `block in checkout'
  /Users/craig/.rbenv/versions/2.3.1/lib/ruby/2.3.0/monitor.rb:214:in `mon_synchronize'
  activerecord (4.2.5) lib/active_record/connection_adapters/abstract/connection_pool.rb:348:in `checkout'
  activerecord (4.2.5) lib/active_record/connection_adapters/abstract/connection_pool.rb:263:in `block in connection'
  /Users/craig/.rbenv/versions/2.3.1/lib/ruby/2.3.0/monitor.rb:214:in `mon_synchronize'
  activerecord (4.2.5) lib/active_record/connection_adapters/abstract/connection_pool.rb:262:in `connection'
  activerecord (4.2.5) lib/active_record/connection_adapters/abstract/connection_pool.rb:571:in `retrieve_connection'
  activerecord (4.2.5) lib/active_record/connection_handling.rb:113:in `retrieve_connection'
  activerecord (4.2.5) lib/active_record/connection_handling.rb:87:in `connection'
  activerecord (4.2.5) lib/active_record/migration.rb:383:in `connection'
  activerecord (4.2.5) lib/active_record/migration.rb:370:in `call'
  actionpack (4.2.5) lib/action_dispatch/middleware/callbacks.rb:29:in `block in call'
  activesupport (4.2.5) lib/active_support/callbacks.rb:88:in `__run_callbacks__'
  activesupport (4.2.5) lib/active_support/callbacks.rb:778:in `_run_call_callbacks'
  activesupport (4.2.5) lib/active_support/callbacks.rb:81:in `run_callbacks'
  actionpack (4.2.5) lib/action_dispatch/middleware/callbacks.rb:27:in `call'
  actionpack (4.2.5) lib/action_dispatch/middleware/reloader.rb:73:in `call'
  actionpack (4.2.5) lib/action_dispatch/middleware/remote_ip.rb:78:in `call'
  actionpack (4.2.5) lib/action_dispatch/middleware/debug_exceptions.rb:17:in `call'
  web-console (2.3.0) lib/web_console/middleware.rb:28:in `block in call'
  web-console (2.3.0) lib/web_console/middleware.rb:18:in `catch'
  web-console (2.3.0) lib/web_console/middleware.rb:18:in `call'
  actionpack (4.2.5) lib/action_dispatch/middleware/show_exceptions.rb:30:in `call'
  railties (4.2.5) lib/rails/rack/logger.rb:38:in `call_app'
  railties (4.2.5) lib/rails/rack/logger.rb:20:in `block in call'
  activesupport (4.2.5) lib/active_support/tagged_logging.rb:68:in `block in tagged'
  activesupport (4.2.5) lib/active_support/tagged_logging.rb:26:in `tagged'
  activesupport (4.2.5) lib/active_support/tagged_logging.rb:68:in `tagged'
  railties (4.2.5) lib/rails/rack/logger.rb:20:in `call'
  actionpack (4.2.5) lib/action_dispatch/middleware/request_id.rb:21:in `call'
  rack (1.6.5) lib/rack/methodoverride.rb:22:in `call'
  rack (1.6.5) lib/rack/runtime.rb:18:in `call'
  activesupport (4.2.5) lib/active_support/cache/strategy/local_cache_middleware.rb:28:in `call'
  rack (1.6.5) lib/rack/lock.rb:17:in `call'
  actionpack (4.2.5) lib/action_dispatch/middleware/static.rb:116:in `call'
  rack (1.6.5) lib/rack/sendfile.rb:113:in `call'
  railties (4.2.5) lib/rails/engine.rb:518:in `call'
  railties (4.2.5) lib/rails/application.rb:165:in `call'
  rack (1.6.5) lib/rack/lock.rb:17:in `call'
  rack (1.6.5) lib/rack/content_length.rb:15:in `call'
  rack (1.6.5) lib/rack/handler/webrick.rb:88:in `service'
  /Users/craig/.rbenv/versions/2.3.1/lib/ruby/2.3.0/webrick/httpserver.rb:140:in `service'
  /Users/craig/.rbenv/versions/2.3.1/lib/ruby/2.3.0/webrick/httpserver.rb:96:in `run'
  /Users/craig/.rbenv/versions/2.3.1/lib/ruby/2.3.0/webrick/server.rb:296:in `block in start_thread'


  Rendered /Users/craig/.rbenv/versions/2.3.1/lib/ruby/gems/2.3.0/gems/actionpack-4.2.5/lib/action_dispatch/middleware/templates/rescues/_source.erb (2.3ms)
  Rendered /Users/craig/.rbenv/versions/2.3.1/lib/ruby/gems/2.3.0/gems/actionpack-4.2.5/lib/action_dispatch/middleware/templates/rescues/_trace.html.erb (1.1ms)
  Rendered /Users/craig/.rbenv/versions/2.3.1/lib/ruby/gems/2.3.0/gems/actionpack-4.2.5/lib/action_dispatch/middleware/templates/rescues/_request_and_response.html.erb (0.7ms)
  Rendered /Users/craig/.rbenv/versions/2.3.1/lib/ruby/gems/2.3.0/gems/actionpack-4.2.5/lib/action_dispatch/middleware/templates/rescues/diagnostics.html.erb within rescues/layout (48.5ms)
  Rendered /Users/craig/.rbenv/versions/2.3.1/lib/ruby/gems/2.3.0/gems/web-console-2.3.0/lib/web_console/templates/_markup.html.erb (0.3ms)
  Rendered /Users/craig/.rbenv/versions/2.3.1/lib/ruby/gems/2.3.0/gems/web-console-2.3.0/lib/web_console/templates/_inner_console_markup.html.erb within layouts/inlined_string (0.3ms)
  Rendered /Users/craig/.rbenv/versions/2.3.1/lib/ruby/gems/2.3.0/gems/web-console-2.3.0/lib/web_console/templates/_prompt_box_markup.html.erb within layouts/inlined_string (0.3ms)
  Rendered /Users/craig/.rbenv/versions/2.3.1/lib/ruby/gems/2.3.0/gems/web-console-2.3.0/lib/web_console/templates/style.css.erb within layouts/inlined_string (0.3ms)
  Rendered /Users/craig/.rbenv/versions/2.3.1/lib/ruby/gems/2.3.0/gems/web-console-2.3.0/lib/web_console/templates/console.js.erb within layouts/javascript (49.9ms)
  Rendered /Users/craig/.rbenv/versions/2.3.1/lib/ruby/gems/2.3.0/gems/web-console-2.3.0/lib/web_console/templates/main.js.erb within layouts/javascript (0.2ms)
  Rendered /Users/craig/.rbenv/versions/2.3.1/lib/ruby/gems/2.3.0/gems/web-console-2.3.0/lib/web_console/templates/error_page.js.erb within layouts/javascript (0.5ms)
  Rendered /Users/craig/.rbenv/versions/2.3.1/lib/ruby/gems/2.3.0/gems/web-console-2.3.0/lib/web_console/templates/index.html.erb (107.2ms)


Started GET "/" for ::1 at 2017-02-04 22:40:01 +0200
  [1m[36mActiveRecord::SchemaMigration Load (21.4ms)[0m  [1mSELECT "schema_migrations".* FROM "schema_migrations"[0m
Processing by PagesController#show as HTML
  Parameters: {"page"=>"home"}
  Rendered pages/home.html.erb within layouts/application (1.1ms)
  [1m[35mUser Load (24.7ms)[0m  SELECT  "users".* FROM "users" WHERE "users"."id" = $1  ORDER BY "users"."id" ASC LIMIT 1  [["id", 1]]
  Rendered layouts/_nav.html.erb (117.9ms)
  Rendered layouts/_foot.html.erb (0.3ms)
Completed 200 OK in 452ms (Views: 352.5ms | ActiveRecord: 91.9ms)


Started GET "/assets/footer.self-1b4a1c00a90f69307b1a070cad775c37b19caf88f8bdb2fe1d0c103fb8e9fa20.css?body=1" for ::1 at 2017-02-04 22:40:02 +0200


Started GET "/assets/bootstrap/alert.self-742145c5bb847aafdadc6e339be795628f8bc25f177e851f03a8c42278eb0312.js?body=1" for ::1 at 2017-02-04 22:40:02 +0200


Started GET "/assets/yeti.self-1794b5c8df8766c03f1049c64698ef917df0f28a9dd72604d8f1ee6727e9e5a3.css?body=1" for ::1 at 2017-02-04 22:40:02 +0200


Started GET "/assets/bootstrap/button.self-126ac9bf0e7f2d8568f8da3a00fd5f0fac6eae0946331003370161fbf8d7975e.js?body=1" for ::1 at 2017-02-04 22:40:02 +0200


Started GET "/assets/jquery.self-bd7ddd393353a8d2480a622e80342adf488fb6006d667e8b42e4c0073393abee.js?body=1" for ::1 at 2017-02-04 22:40:02 +0200


Started GET "/assets/application.self-464210dd8e8f85bf274a87fa8efd451c2c458da7035d70d18f16294eb179a44e.css?body=1" for ::1 at 2017-02-04 22:40:02 +0200


Started GET "/assets/bootstrap/transition.self-6ad2488465135ab731a045a8ebbe3ea2fc501aed286042496eda1664fdd07ba9.js?body=1" for ::1 at 2017-02-04 22:40:02 +0200


Started GET "/assets/bootstrap/carousel.self-e47323f363ceb3dc0bdbce05e36e709ed428e339833a41140a85cb0af24b8127.js?body=1" for ::1 at 2017-02-04 22:40:02 +0200


Started GET "/assets/bootstrap/collapse.self-2eb697f62b587bb786ff940d82dd4be88cdeeaf13ca128e3da3850c5fcaec301.js?body=1" for ::1 at 2017-02-04 22:40:02 +0200


Started GET "/assets/bootstrap/dropdown.self-561cca1cbaf67474e01e9536f106bad541594860a6df997004591c1c1957a147.js?body=1" for ::1 at 2017-02-04 22:40:02 +0200


Started GET "/assets/bootstrap/modal.self-3e78617ade5663314b7ee0ea10375a5b34d59ffbade44939e3f2a4e4ef2019b3.js?body=1" for ::1 at 2017-02-04 22:40:02 +0200


Started GET "/assets/bootstrap/tab.self-5bf7078b682f8b131332eefa46b45fa5eff2eca745fc0d03e2991450888f7c28.js?body=1" for ::1 at 2017-02-04 22:40:02 +0200


Started GET "/assets/bootstrap/affix.self-6d6f1a7fc5c8aabf3547fa1b794fab6268f54bc55ad815e55873c71f52513517.js?body=1" for ::1 at 2017-02-04 22:40:02 +0200


Started GET "/assets/bootstrap/scrollspy.self-969f3c5f48cdf1e439c7fa1154c13b948715f5c689f87837c0b64521d3b46ef6.js?body=1" for ::1 at 2017-02-04 22:40:02 +0200


Started GET "/assets/bootstrap/tooltip.self-05afb177e08f98997ccfc84fa08a215e4b27d48d5fe4d049080675e9dffd8199.js?body=1" for ::1 at 2017-02-04 22:40:02 +0200


Started GET "/assets/bootstrap/popover.self-0aa93860b59fe7393f1dd490f54b3cb994f9d6155adffce034d4e14ae361b041.js?body=1" for ::1 at 2017-02-04 22:40:02 +0200


Started GET "/assets/bootstrap-sprockets.self-fbfa5ad7d9aa0afe439ec4ff3883acc4cb92b62cb67c40d674320c9aa1d4642d.js?body=1" for ::1 at 2017-02-04 22:40:02 +0200


Started GET "/assets/jquery_ujs.self-784a997f6726036b1993eb2217c9cb558e1cbb801c6da88105588c56f13b466a.js?body=1" for ::1 at 2017-02-04 22:40:02 +0200


Started GET "/assets/turbolinks.self-c5acd7a204f5f25ce7a1d8a0e4d92e28d34c9e2df2c7371cd7af88e147e4ad82.js?body=1" for ::1 at 2017-02-04 22:40:02 +0200


Started GET "/assets/application.self-f8806224e027f3e3f0138ea9ce99319e298dfdb323304d1f1be6eae8e8c74724.js?body=1" for ::1 at 2017-02-04 22:40:02 +0200


Started DELETE "/users/sign_out" for ::1 at 2017-02-04 22:40:16 +0200
Processing by Devise::SessionsController#destroy as HTML
  Parameters: {"authenticity_token"=>"IyZzMs917TD+njtMnyYE5BLy6KuoMTSc9fWiywroKGmApTjbOXQTC+GzNwuDSl9ePSTaqZrpzkuhA/mdiq2khQ=="}
  [1m[36mUser Load (0.5ms)[0m  [1mSELECT  "users".* FROM "users" WHERE "users"."id" = $1  ORDER BY "users"."id" ASC LIMIT 1[0m  [["id", 1]]
  [1m[35m (0.3ms)[0m  BEGIN
  [1m[36m (0.2ms)[0m  [1mCOMMIT[0m
Redirected to http://localhost:3000/
Completed 302 Found in 25ms (ActiveRecord: 0.9ms)


Started GET "/" for ::1 at 2017-02-04 22:40:16 +0200
Processing by PagesController#show as HTML
  Parameters: {"page"=>"home"}
  Rendered pages/home.html.erb within layouts/application (0.0ms)
  Rendered layouts/_nav.html.erb (3.8ms)
  Rendered layouts/_foot.html.erb (0.1ms)
Completed 200 OK in 59ms (Views: 58.0ms | ActiveRecord: 0.0ms)


Started GET "/assets/font-awesome/fontawesome-webfont-2adefcbc041e7d18fcf2d417879dc5a09997aa64d675b7a3c4b6ce33da13f3fe.woff2?v=4.7.0" for ::1 at 2017-02-04 22:40:16 +0200


Started GET "/users/sign_in" for ::1 at 2017-02-04 22:40:18 +0200
Processing by Devise::SessionsController#new as HTML
  Rendered devise/shared/_links.html.erb (5.0ms)
  Rendered devise/sessions/new.html.erb within layouts/application (72.8ms)
  Rendered layouts/_nav.html.erb (0.3ms)
  Rendered layouts/_foot.html.erb (0.1ms)
Completed 200 OK in 119ms (Views: 109.7ms | ActiveRecord: 0.0ms)


Started POST "/users/sign_in" for ::1 at 2017-02-04 22:40:26 +0200
Processing by Devise::SessionsController#create as HTML
  Parameters: {"utf8"=>"✓", "authenticity_token"=>"yqO3obG1xmtroeNQXIKYcwL8IobYLFE7pHpx+erZ+O+rIXuvEQYkWaDQq0sUNkfG9KR2Swcl+yQbQvKZZaeYrA==", "user"=>{"email"=>"craig@yoyozi.com", "password"=>"[FILTERED]", "remember_me"=>"0"}, "commit"=>"Log in"}
  [1m[35mUser Load (14.5ms)[0m  SELECT  "users".* FROM "users" WHERE "users"."email" = $1  ORDER BY "users"."id" ASC LIMIT 1  [["email", "craig@yoyozi.com"]]
  [1m[36m (0.3ms)[0m  [1mBEGIN[0m
  [1m[35mSQL (7.9ms)[0m  UPDATE "users" SET "last_sign_in_at" = $1, "current_sign_in_at" = $2, "sign_in_count" = $3, "updated_at" = $4 WHERE "users"."id" = $5  [["last_sign_in_at", "2017-02-04 00:29:56.763779"], ["current_sign_in_at", "2017-02-04 20:40:26.929071"], ["sign_in_count", 6], ["updated_at", "2017-02-04 20:40:26.930695"], ["id", 1]]
  [1m[36m (0.7ms)[0m  [1mCOMMIT[0m
Redirected to http://localhost:3000/
Completed 302 Found in 163ms (ActiveRecord: 23.4ms)


Started GET "/" for ::1 at 2017-02-04 22:40:26 +0200
Processing by PagesController#show as HTML
  Parameters: {"page"=>"home"}
  Rendered pages/home.html.erb within layouts/application (0.0ms)
  [1m[35mUser Load (0.4ms)[0m  SELECT  "users".* FROM "users" WHERE "users"."id" = $1  ORDER BY "users"."id" ASC LIMIT 1  [["id", 1]]
  Rendered layouts/_nav.html.erb (1.4ms)
  Rendered layouts/_foot.html.erb (0.0ms)
Completed 200 OK in 36ms (Views: 35.3ms | ActiveRecord: 0.4ms)
  [1m[36mActiveRecord::SchemaMigration Load (0.3ms)[0m  [1mSELECT "schema_migrations".* FROM "schema_migrations"[0m
Migrating to CreateArticles (20170204205118)
  [1m[35m (0.2ms)[0m  BEGIN
  [1m[36m (92.5ms)[0m  [1mCREATE TABLE "articles" ("id" serial primary key, "title" character varying, "body" text, "created_at" timestamp NOT NULL, "updated_at" timestamp NOT NULL) [0m
  [1m[35mSQL (1.5ms)[0m  INSERT INTO "schema_migrations" ("version") VALUES ($1)  [["version", "20170204205118"]]
  [1m[36m (10.7ms)[0m  [1mCOMMIT[0m
  [1m[35mActiveRecord::SchemaMigration Load (0.2ms)[0m  SELECT "schema_migrations".* FROM "schema_migrations"
  [1m[36m (160.6ms)[0m  [1mSELECT t2.oid::regclass::text AS to_table, a1.attname AS column, a2.attname AS primary_key, c.conname AS name, c.confupdtype AS on_update, c.confdeltype AS on_delete
FROM pg_constraint c
JOIN pg_class t1 ON c.conrelid = t1.oid
JOIN pg_class t2 ON c.confrelid = t2.oid
JOIN pg_attribute a1 ON a1.attnum = c.conkey[1] AND a1.attrelid = t1.oid
JOIN pg_attribute a2 ON a2.attnum = c.confkey[1] AND a2.attrelid = t2.oid
JOIN pg_namespace t3 ON c.connamespace = t3.oid
WHERE c.contype = 'f'
  AND t1.relname = 'articles'
  AND t3.nspname = ANY (current_schemas(false))
ORDER BY c.conname
[0m
  [1m[35m (1.4ms)[0m  SELECT t2.oid::regclass::text AS to_table, a1.attname AS column, a2.attname AS primary_key, c.conname AS name, c.confupdtype AS on_update, c.confdeltype AS on_delete
FROM pg_constraint c
JOIN pg_class t1 ON c.conrelid = t1.oid
JOIN pg_class t2 ON c.confrelid = t2.oid
JOIN pg_attribute a1 ON a1.attnum = c.conkey[1] AND a1.attrelid = t1.oid
JOIN pg_attribute a2 ON a2.attnum = c.confkey[1] AND a2.attrelid = t2.oid
JOIN pg_namespace t3 ON c.connamespace = t3.oid
WHERE c.contype = 'f'
  AND t1.relname = 'users'
  AND t3.nspname = ANY (current_schemas(false))
ORDER BY c.conname



Started GET "/articles/new" for ::1 at 2017-02-04 22:58:00 +0200
  [1m[36mActiveRecord::SchemaMigration Load (0.3ms)[0m  [1mSELECT "schema_migrations".* FROM "schema_migrations"[0m
Processing by ArticlesController#new as HTML
  Rendered articles/_form.html.erb (53.8ms)
  Rendered articles/new.html.erb within layouts/application (59.0ms)
  [1m[35mUser Load (0.6ms)[0m  SELECT  "users".* FROM "users" WHERE "users"."id" = $1  ORDER BY "users"."id" ASC LIMIT 1  [["id", 1]]
  Rendered layouts/_nav.html.erb (18.6ms)
  Rendered layouts/_foot.html.erb (0.3ms)
Completed 200 OK in 389ms (Views: 373.1ms | ActiveRecord: 4.4ms)


Started POST "/articles" for ::1 at 2017-02-04 22:58:14 +0200
Processing by ArticlesController#create as HTML
  Parameters: {"utf8"=>"✓", "authenticity_token"=>"hQGFBcfVvb9QsUNO4L9CLtzLfEp+G5RrnEJyUjNGgFQ2M7fq0d6BIX3lIP/kW5p4VGLx2ALz7QPYvcmZehyKHw==", "article"=>{"title"=>"Test", "body"=>"A test article\r\n"}, "commit"=>"Create Article"}
  [1m[36m (0.1ms)[0m  [1mBEGIN[0m
  [1m[35mSQL (0.4ms)[0m  INSERT INTO "articles" ("title", "body", "created_at", "updated_at") VALUES ($1, $2, $3, $4) RETURNING "id"  [["title", "Test"], ["body", "A test article\r\n"], ["created_at", "2017-02-04 20:58:14.507220"], ["updated_at", "2017-02-04 20:58:14.507220"]]
  [1m[36m (6.6ms)[0m  [1mCOMMIT[0m
Redirected to http://localhost:3000/articles/1
Completed 302 Found in 10ms (ActiveRecord: 7.2ms)


Started GET "/articles/1" for ::1 at 2017-02-04 22:58:14 +0200
Processing by ArticlesController#show as HTML
  Parameters: {"id"=>"1"}
  [1m[35mArticle Load (0.3ms)[0m  SELECT  "articles".* FROM "articles" WHERE "articles"."id" = $1 LIMIT 1  [["id", 1]]
  Rendered articles/show.html.erb within layouts/application (0.8ms)
  [1m[36mUser Load (0.3ms)[0m  [1mSELECT  "users".* FROM "users" WHERE "users"."id" = $1  ORDER BY "users"."id" ASC LIMIT 1[0m  [["id", 1]]
  Rendered layouts/_nav.html.erb (1.5ms)
  Rendered layouts/_foot.html.erb (0.1ms)
Completed 200 OK in 49ms (Views: 44.6ms | ActiveRecord: 0.6ms)


Started GET "/articles/1/edit" for ::1 at 2017-02-04 22:58:17 +0200
Processing by ArticlesController#edit as HTML
  Parameters: {"id"=>"1"}
  [1m[35mArticle Load (0.6ms)[0m  SELECT  "articles".* FROM "articles" WHERE "articles"."id" = $1 LIMIT 1  [["id", 1]]
  Rendered articles/_form.html.erb (5.3ms)
  Rendered articles/edit.html.erb within layouts/application (6.7ms)
  [1m[36mUser Load (0.4ms)[0m  [1mSELECT  "users".* FROM "users" WHERE "users"."id" = $1  ORDER BY "users"."id" ASC LIMIT 1[0m  [["id", 1]]
  Rendered layouts/_nav.html.erb (1.5ms)
  Rendered layouts/_foot.html.erb (0.1ms)
Completed 200 OK in 65ms (Views: 62.7ms | ActiveRecord: 1.0ms)


Started PATCH "/articles/1" for ::1 at 2017-02-04 22:58:25 +0200
Processing by ArticlesController#update as HTML
  Parameters: {"utf8"=>"✓", "authenticity_token"=>"2+XZL+2hX4GuxdKc2MGHeAjFFTliSHReAB54Ot0SNQRo1+vA+6pjH4ORsS3cJV8ugGyYqx6gDTZE4cPxlEg/Tw==", "article"=>{"title"=>"Test", "body"=>"A test article: and edited\r\n"}, "commit"=>"Update Article", "id"=>"1"}
  [1m[35mArticle Load (0.3ms)[0m  SELECT  "articles".* FROM "articles" WHERE "articles"."id" = $1 LIMIT 1  [["id", 1]]
  [1m[36m (0.1ms)[0m  [1mBEGIN[0m
  [1m[35mSQL (0.4ms)[0m  UPDATE "articles" SET "body" = $1, "updated_at" = $2 WHERE "articles"."id" = $3  [["body", "A test article: and edited\r\n"], ["updated_at", "2017-02-04 20:58:25.250199"], ["id", 1]]
  [1m[36m (6.5ms)[0m  [1mCOMMIT[0m
Redirected to http://localhost:3000/articles/1
Completed 302 Found in 12ms (ActiveRecord: 7.3ms)


Started GET "/articles/1" for ::1 at 2017-02-04 22:58:25 +0200
Processing by ArticlesController#show as HTML
  Parameters: {"id"=>"1"}
  [1m[35mArticle Load (0.4ms)[0m  SELECT  "articles".* FROM "articles" WHERE "articles"."id" = $1 LIMIT 1  [["id", 1]]
  Rendered articles/show.html.erb within layouts/application (0.3ms)
  [1m[36mUser Load (0.4ms)[0m  [1mSELECT  "users".* FROM "users" WHERE "users"."id" = $1  ORDER BY "users"."id" ASC LIMIT 1[0m  [["id", 1]]
  Rendered layouts/_nav.html.erb (2.0ms)
  Rendered layouts/_foot.html.erb (0.0ms)
Completed 200 OK in 59ms (Views: 57.4ms | ActiveRecord: 0.8ms)


Started GET "/articles" for ::1 at 2017-02-04 22:58:40 +0200
Processing by ArticlesController#index as HTML
  [1m[35mArticle Load (0.4ms)[0m  SELECT "articles".* FROM "articles"
  Rendered articles/index.html.erb within layouts/application (1.8ms)
  [1m[36mUser Load (0.3ms)[0m  [1mSELECT  "users".* FROM "users" WHERE "users"."id" = $1  ORDER BY "users"."id" ASC LIMIT 1[0m  [["id", 1]]
  Rendered layouts/_nav.html.erb (1.3ms)
  Rendered layouts/_foot.html.erb (0.0ms)
Completed 200 OK in 55ms (Views: 53.3ms | ActiveRecord: 0.7ms)


Started DELETE "/articles/1" for ::1 at 2017-02-04 22:58:46 +0200
Processing by ArticlesController#destroy as HTML
  Parameters: {"authenticity_token"=>"0vwDZlmV8O1SwlO5qtBA6o1MgAQxo6RCld/WpkddSNdhzjGJT57Mc3+WMAiuNJi8BeUNlk1L3SrRIG1tDgdCnA==", "id"=>"1"}
  [1m[35mArticle Load (0.4ms)[0m  SELECT  "articles".* FROM "articles" WHERE "articles"."id" = $1 LIMIT 1  [["id", 1]]
  [1m[36m (0.2ms)[0m  [1mBEGIN[0m
  [1m[35mSQL (0.3ms)[0m  DELETE FROM "articles" WHERE "articles"."id" = $1  [["id", 1]]
  [1m[36m (6.2ms)[0m  [1mCOMMIT[0m
Redirected to http://localhost:3000/articles
Completed 302 Found in 10ms (ActiveRecord: 7.1ms)


Started GET "/articles" for ::1 at 2017-02-04 22:58:46 +0200
Processing by ArticlesController#index as HTML
  [1m[35mArticle Load (0.3ms)[0m  SELECT "articles".* FROM "articles"
  Rendered articles/index.html.erb within layouts/application (0.8ms)
  [1m[36mUser Load (0.4ms)[0m  [1mSELECT  "users".* FROM "users" WHERE "users"."id" = $1  ORDER BY "users"."id" ASC LIMIT 1[0m  [["id", 1]]
  Rendered layouts/_nav.html.erb (1.6ms)
  Rendered layouts/_foot.html.erb (0.0ms)
Completed 200 OK in 36ms (Views: 35.0ms | ActiveRecord: 0.7ms)


Started GET "/articles" for ::1 at 2017-02-04 23:03:07 +0200
Processing by ArticlesController#index as HTML
  [1m[35mArticle Load (0.4ms)[0m  SELECT "articles".* FROM "articles"
  Rendered articles/index.html.erb within layouts/application (1.0ms)
  [1m[36mUser Load (0.3ms)[0m  [1mSELECT  "users".* FROM "users" WHERE "users"."id" = $1  ORDER BY "users"."id" ASC LIMIT 1[0m  [["id", 1]]
  Rendered layouts/_nav.html.erb (2.2ms)
  Rendered layouts/_foot.html.erb (0.0ms)
Completed 200 OK in 36ms (Views: 35.0ms | ActiveRecord: 0.7ms)


Started GET "/articles" for ::1 at 2017-02-04 23:03:09 +0200
Processing by ArticlesController#index as HTML
  [1m[35mArticle Load (0.2ms)[0m  SELECT "articles".* FROM "articles"
  Rendered articles/index.html.erb within layouts/application (0.6ms)
  [1m[36mUser Load (0.3ms)[0m  [1mSELECT  "users".* FROM "users" WHERE "users"."id" = $1  ORDER BY "users"."id" ASC LIMIT 1[0m  [["id", 1]]
  Rendered layouts/_nav.html.erb (1.4ms)
  Rendered layouts/_foot.html.erb (0.1ms)
Completed 200 OK in 33ms (Views: 32.2ms | ActiveRecord: 0.5ms)


Started GET "/articles/new" for ::1 at 2017-02-04 23:03:11 +0200
Processing by ArticlesController#new as HTML
  Rendered articles/_form.html.erb (4.5ms)
  Rendered articles/new.html.erb within layouts/application (5.5ms)
  [1m[35mUser Load (0.3ms)[0m  SELECT  "users".* FROM "users" WHERE "users"."id" = $1  ORDER BY "users"."id" ASC LIMIT 1  [["id", 1]]
  Rendered layouts/_nav.html.erb (1.4ms)
  Rendered layouts/_foot.html.erb (0.0ms)
Completed 200 OK in 48ms (Views: 46.9ms | ActiveRecord: 0.3ms)


Started POST "/articles" for ::1 at 2017-02-04 23:03:39 +0200
Processing by ArticlesController#create as HTML
  Parameters: {"utf8"=>"✓", "authenticity_token"=>"GNCIDpmpdZDZJzuoXBWDJYVt7e5b38o5ydgF/ky98Yyr4rrhj6JJDvRzWBlY8VtzDcRgfCc3s1GNJ741Bef7xw==", "article"=>{"title"=>"PG", "body"=>"The ultimate DB"}, "commit"=>"Create Article"}
  [1m[36m (0.1ms)[0m  [1mBEGIN[0m
  [1m[35mSQL (0.2ms)[0m  INSERT INTO "articles" ("title", "body", "created_at", "updated_at") VALUES ($1, $2, $3, $4) RETURNING "id"  [["title", "PG"], ["body", "The ultimate DB"], ["created_at", "2017-02-04 21:03:39.734189"], ["updated_at", "2017-02-04 21:03:39.734189"]]
  [1m[36m (6.0ms)[0m  [1mCOMMIT[0m
Redirected to http://localhost:3000/articles/2
Completed 302 Found in 8ms (ActiveRecord: 6.4ms)


Started GET "/articles/2" for ::1 at 2017-02-04 23:03:39 +0200
Processing by ArticlesController#show as HTML
  Parameters: {"id"=>"2"}
  [1m[35mArticle Load (0.3ms)[0m  SELECT  "articles".* FROM "articles" WHERE "articles"."id" = $1 LIMIT 1  [["id", 2]]
  Rendered articles/show.html.erb within layouts/application (0.2ms)
  [1m[36mUser Load (0.3ms)[0m  [1mSELECT  "users".* FROM "users" WHERE "users"."id" = $1  ORDER BY "users"."id" ASC LIMIT 1[0m  [["id", 1]]
  Rendered layouts/_nav.html.erb (1.2ms)
  Rendered layouts/_foot.html.erb (0.0ms)
Completed 200 OK in 37ms (Views: 36.1ms | ActiveRecord: 0.5ms)


Started GET "/articles" for ::1 at 2017-02-04 23:03:42 +0200
Processing by ArticlesController#index as HTML
  [1m[35mArticle Load (0.3ms)[0m  SELECT "articles".* FROM "articles"
  Rendered articles/index.html.erb within layouts/application (1.1ms)
  [1m[36mUser Load (0.3ms)[0m  [1mSELECT  "users".* FROM "users" WHERE "users"."id" = $1  ORDER BY "users"."id" ASC LIMIT 1[0m  [["id", 1]]
  Rendered layouts/_nav.html.erb (1.6ms)
  Rendered layouts/_foot.html.erb (0.0ms)
Completed 200 OK in 36ms (Views: 33.8ms | ActiveRecord: 0.6ms)


Started GET "/articles/new" for ::1 at 2017-02-04 23:03:44 +0200
Processing by ArticlesController#new as HTML
  Rendered articles/_form.html.erb (4.4ms)
  Rendered articles/new.html.erb within layouts/application (5.3ms)
  [1m[35mUser Load (0.2ms)[0m  SELECT  "users".* FROM "users" WHERE "users"."id" = $1  ORDER BY "users"."id" ASC LIMIT 1  [["id", 1]]
  Rendered layouts/_nav.html.erb (1.1ms)
  Rendered layouts/_foot.html.erb (0.0ms)
Completed 200 OK in 41ms (Views: 40.2ms | ActiveRecord: 0.2ms)


Started POST "/articles" for ::1 at 2017-02-04 23:03:56 +0200
Processing by ArticlesController#create as HTML
  Parameters: {"utf8"=>"✓", "authenticity_token"=>"4uI6M4+ImreTUZIBskQcSje8+vSgorM4SQ7H11AHGUtR0AjcmYOmKb4F8bC2oMQcvxV3ZtxKylAN8XwcGV0TAA==", "article"=>{"title"=>"Rails", "body"=>"Ruby on rails is great"}, "commit"=>"Create Article"}
  [1m[36m (0.3ms)[0m  [1mBEGIN[0m
  [1m[35mSQL (0.2ms)[0m  INSERT INTO "articles" ("title", "body", "created_at", "updated_at") VALUES ($1, $2, $3, $4) RETURNING "id"  [["title", "Rails"], ["body", "Ruby on rails is great"], ["created_at", "2017-02-04 21:03:56.868345"], ["updated_at", "2017-02-04 21:03:56.868345"]]
  [1m[36m (6.2ms)[0m  [1mCOMMIT[0m
Redirected to http://localhost:3000/articles/3
Completed 302 Found in 9ms (ActiveRecord: 6.8ms)


Started GET "/articles/3" for ::1 at 2017-02-04 23:03:56 +0200
Processing by ArticlesController#show as HTML
  Parameters: {"id"=>"3"}
  [1m[35mArticle Load (0.2ms)[0m  SELECT  "articles".* FROM "articles" WHERE "articles"."id" = $1 LIMIT 1  [["id", 3]]
  Rendered articles/show.html.erb within layouts/application (0.3ms)
  [1m[36mUser Load (0.2ms)[0m  [1mSELECT  "users".* FROM "users" WHERE "users"."id" = $1  ORDER BY "users"."id" ASC LIMIT 1[0m  [["id", 1]]
  Rendered layouts/_nav.html.erb (1.3ms)
  Rendered layouts/_foot.html.erb (0.0ms)
Completed 200 OK in 36ms (Views: 35.3ms | ActiveRecord: 0.4ms)


Started GET "/articles/new" for ::1 at 2017-02-04 23:04:02 +0200
Processing by ArticlesController#new as HTML
  Rendered articles/_form.html.erb (4.2ms)
  Rendered articles/new.html.erb within layouts/application (5.2ms)
  [1m[35mUser Load (0.3ms)[0m  SELECT  "users".* FROM "users" WHERE "users"."id" = $1  ORDER BY "users"."id" ASC LIMIT 1  [["id", 1]]
  Rendered layouts/_nav.html.erb (1.5ms)
  Rendered layouts/_foot.html.erb (0.1ms)
Completed 200 OK in 40ms (Views: 39.4ms | ActiveRecord: 0.3ms)


Started GET "/articles" for ::1 at 2017-02-04 23:06:19 +0200
Processing by ArticlesController#index as HTML
  [1m[36mArticle Load (0.3ms)[0m  [1mSELECT "articles".* FROM "articles"[0m
  Rendered articles/index.html.erb within layouts/application (1.9ms)
  [1m[35mUser Load (0.3ms)[0m  SELECT  "users".* FROM "users" WHERE "users"."id" = $1  ORDER BY "users"."id" ASC LIMIT 1  [["id", 1]]
  Rendered layouts/_nav.html.erb (1.6ms)
  Rendered layouts/_foot.html.erb (0.1ms)
Completed 200 OK in 57ms (Views: 55.8ms | ActiveRecord: 0.6ms)


Started GET "/articles/new" for ::1 at 2017-02-04 23:06:24 +0200
Processing by ArticlesController#new as HTML
  Rendered articles/_form.html.erb (5.8ms)
  Rendered articles/new.html.erb within layouts/application (7.1ms)
  [1m[36mUser Load (0.3ms)[0m  [1mSELECT  "users".* FROM "users" WHERE "users"."id" = $1  ORDER BY "users"."id" ASC LIMIT 1[0m  [["id", 1]]
  Rendered layouts/_nav.html.erb (1.2ms)
  Rendered layouts/_foot.html.erb (0.0ms)
Completed 200 OK in 47ms (Views: 46.2ms | ActiveRecord: 0.3ms)


Started POST "/articles" for ::1 at 2017-02-04 23:08:32 +0200
Processing by ArticlesController#create as HTML
  Parameters: {"utf8"=>"✓", "authenticity_token"=>"aCBypJRSxy3UcBTvGsV8uEm9S2n+jb9kliOwPRgaAJ7bEkBLgln7s/kkd14eIaTuwRTG+4JlxgzS3Av2UUAK1Q==", "article"=>{"title"=>"Bob Marley", "body"=>"Robert Nesta \"Bob\" Marley, OM (6 February 1945 – 11 May 1981) was a Jamaican singer-songwriter, musician and guitarist who achieved international fame and acclaim,[1][2] blending mostly reggae, ska and rocksteady in his compositions. Starting out in 1963 with the group the Wailers, he forged a distinctive songwriting and vocal style that would later resonate with audiences worldwide. The Wailers would go on to release some of the earliest reggae records with producer Lee \"Scratch\" Perry.[3]"}, "commit"=>"Create Article"}
  [1m[35m (0.2ms)[0m  BEGIN
  [1m[36mSQL (0.2ms)[0m  [1mINSERT INTO "articles" ("title", "body", "created_at", "updated_at") VALUES ($1, $2, $3, $4) RETURNING "id"[0m  [["title", "Bob Marley"], ["body", "Robert Nesta \"Bob\" Marley, OM (6 February 1945 – 11 May 1981) was a Jamaican singer-songwriter, musician and guitarist who achieved international fame and acclaim,[1][2] blending mostly reggae, ska and rocksteady in his compositions. Starting out in 1963 with the group the Wailers, he forged a distinctive songwriting and vocal style that would later resonate with audiences worldwide. The Wailers would go on to release some of the earliest reggae records with producer Lee \"Scratch\" Perry.[3]"], ["created_at", "2017-02-04 21:08:32.502721"], ["updated_at", "2017-02-04 21:08:32.502721"]]
  [1m[35m (14.5ms)[0m  COMMIT
Redirected to http://localhost:3000/articles/4
Completed 302 Found in 17ms (ActiveRecord: 14.9ms)


Started GET "/articles/4" for ::1 at 2017-02-04 23:08:32 +0200
Processing by ArticlesController#show as HTML
  Parameters: {"id"=>"4"}
  [1m[36mArticle Load (0.2ms)[0m  [1mSELECT  "articles".* FROM "articles" WHERE "articles"."id" = $1 LIMIT 1[0m  [["id", 4]]
  Rendered articles/show.html.erb within layouts/application (0.3ms)
  [1m[35mUser Load (0.3ms)[0m  SELECT  "users".* FROM "users" WHERE "users"."id" = $1  ORDER BY "users"."id" ASC LIMIT 1  [["id", 1]]
  Rendered layouts/_nav.html.erb (1.5ms)
  Rendered layouts/_foot.html.erb (0.0ms)
Completed 200 OK in 52ms (Views: 51.4ms | ActiveRecord: 0.4ms)


Started GET "/articles/new" for ::1 at 2017-02-04 23:08:34 +0200
Processing by ArticlesController#new as HTML
  Rendered articles/_form.html.erb (5.0ms)
  Rendered articles/new.html.erb within layouts/application (6.1ms)
  [1m[36mUser Load (0.2ms)[0m  [1mSELECT  "users".* FROM "users" WHERE "users"."id" = $1  ORDER BY "users"."id" ASC LIMIT 1[0m  [["id", 1]]
  Rendered layouts/_nav.html.erb (1.2ms)
  Rendered layouts/_foot.html.erb (0.2ms)
Completed 200 OK in 53ms (Views: 52.8ms | ActiveRecord: 0.2ms)


Started POST "/articles" for ::1 at 2017-02-04 23:09:03 +0200
Processing by ArticlesController#create as HTML
  Parameters: {"utf8"=>"✓", "authenticity_token"=>"YLpvrtGPcU7EehS4iKIMi1Jr4Vk4dH+A8Rlh+MZXH/HTiF1Bx4RN0OkudwmMRtTd2sJsy0ScBui15tozjw0Vug==", "article"=>{"title"=>"Gray wolf", "body"=>"The gray wolf or grey wolf (Canis lupus[a]), also known as the timber wolf[3][4] or western wolf,[b] is a canine native to the wilderness and remote areas of Eurasia and North America. It is the largest extant member of its family, with males averaging 43–45 kg (95–99 lb), and females 36–38.5 kg (79–85 lb).[6] Like the red wolf, it is distinguished from other Canis species by its larger size and less pointed features, particularly on the ears and muzzle.[7] Its winter fur is long and bushy, and predominantly a mottled gray in color, although nearly pure white, red, or brown to black also occur.[4] As of 2005,[8] 37 subspecies of C. lupus are recognised by MSW3."}, "commit"=>"Create Article"}
  [1m[35m (0.2ms)[0m  BEGIN
  [1m[36mSQL (0.4ms)[0m  [1mINSERT INTO "articles" ("title", "body", "created_at", "updated_at") VALUES ($1, $2, $3, $4) RETURNING "id"[0m  [["title", "Gray wolf"], ["body", "The gray wolf or grey wolf (Canis lupus[a]), also known as the timber wolf[3][4] or western wolf,[b] is a canine native to the wilderness and remote areas of Eurasia and North America. It is the largest extant member of its family, with males averaging 43–45 kg (95–99 lb), and females 36–38.5 kg (79–85 lb).[6] Like the red wolf, it is distinguished from other Canis species by its larger size and less pointed features, particularly on the ears and muzzle.[7] Its winter fur is long and bushy, and predominantly a mottled gray in color, although nearly pure white, red, or brown to black also occur.[4] As of 2005,[8] 37 subspecies of C. lupus are recognised by MSW3."], ["created_at", "2017-02-04 21:09:03.220420"], ["updated_at", "2017-02-04 21:09:03.220420"]]
  [1m[35m (16.6ms)[0m  COMMIT
Redirected to http://localhost:3000/articles/5
Completed 302 Found in 19ms (ActiveRecord: 17.1ms)


Started GET "/articles/5" for ::1 at 2017-02-04 23:09:03 +0200
Processing by ArticlesController#show as HTML
  Parameters: {"id"=>"5"}
  [1m[36mArticle Load (0.2ms)[0m  [1mSELECT  "articles".* FROM "articles" WHERE "articles"."id" = $1 LIMIT 1[0m  [["id", 5]]
  Rendered articles/show.html.erb within layouts/application (0.5ms)
  [1m[35mUser Load (0.3ms)[0m  SELECT  "users".* FROM "users" WHERE "users"."id" = $1  ORDER BY "users"."id" ASC LIMIT 1  [["id", 1]]
  Rendered layouts/_nav.html.erb (1.2ms)
  Rendered layouts/_foot.html.erb (0.0ms)
Completed 200 OK in 41ms (Views: 39.7ms | ActiveRecord: 0.4ms)


Started GET "/articles" for ::1 at 2017-02-04 23:09:05 +0200
Processing by ArticlesController#index as HTML
  [1m[36mArticle Load (0.3ms)[0m  [1mSELECT "articles".* FROM "articles"[0m
  Rendered articles/index.html.erb within layouts/application (1.5ms)
  [1m[35mUser Load (0.3ms)[0m  SELECT  "users".* FROM "users" WHERE "users"."id" = $1  ORDER BY "users"."id" ASC LIMIT 1  [["id", 1]]
  Rendered layouts/_nav.html.erb (1.6ms)
  Rendered layouts/_foot.html.erb (0.0ms)
Completed 200 OK in 48ms (Views: 47.2ms | ActiveRecord: 0.6ms)


Started GET "/articles/new" for ::1 at 2017-02-04 23:09:26 +0200
Processing by ArticlesController#new as HTML
  Rendered articles/_form.html.erb (5.1ms)
  Rendered articles/new.html.erb within layouts/application (6.1ms)
  [1m[36mUser Load (0.3ms)[0m  [1mSELECT  "users".* FROM "users" WHERE "users"."id" = $1  ORDER BY "users"."id" ASC LIMIT 1[0m  [["id", 1]]
  Rendered layouts/_nav.html.erb (1.5ms)
  Rendered layouts/_foot.html.erb (0.1ms)
Completed 200 OK in 47ms (Views: 46.2ms | ActiveRecord: 0.3ms)


Started POST "/articles" for ::1 at 2017-02-04 23:09:43 +0200
Processing by ArticlesController#create as HTML
  Parameters: {"utf8"=>"✓", "authenticity_token"=>"udjh0R0wKLwLJHtMByGUsmvpCDttSMe/leZAaJ+g4kMK6tM+CzsUIiZwGP0DxUzk40CFqRGgvtfRGfuj1vroCA==", "article"=>{"title"=>"Insect", "body"=>"Insects (from Latin insectum, a calque of Greek ἔντομον [éntomon], \"cut into sections\") are a class of hexapod invertebrates within the arthropod phylum that have a chitinous exoskeleton, a three-part body (head, thorax and abdomen), three pairs of jointed legs, compound eyes and one pair of antennae. They are the most diverse group of animals on the planet, including more than a million described species and representing more than half of all known living organisms.[2][3] The number of extant species is estimated at between six and ten million,[2][4][5] and potentially represent over 90% of the differing animal life forms on Earth.[6] Insects may be found in nearly all environments, although only a small number of species reside in the oceans, a habitat dominated by another arthropod group, crustaceans.\r\n\r\nThe life cycles of insects vary but most hatch from eggs. Insect growth is constrained by the inelastic exoskeleton and development involves a series of molts. The immature stages can differ from the adults in structure, habit and habitat, and can include a passive pupal stage in those groups that undergo 4-stage metamorphosis (see holometabolism). Insects that undergo 3-stage metamorphosis lack a pupal stage and adults develop through a series of nymphal stages.[7] The higher level relationship of the Hexapoda is unclear. Fossilized insects of enormous size have been found from the Paleozoic Era, including giant dragonflies with wingspans of 55 to 70 cm (22–28 in). The most diverse insect groups appear to have coevolved with flowering plants."}, "commit"=>"Create Article"}
  [1m[35m (0.1ms)[0m  BEGIN
  [1m[36mSQL (0.2ms)[0m  [1mINSERT INTO "articles" ("title", "body", "created_at", "updated_at") VALUES ($1, $2, $3, $4) RETURNING "id"[0m  [["title", "Insect"], ["body", "Insects (from Latin insectum, a calque of Greek ἔντομον [éntomon], \"cut into sections\") are a class of hexapod invertebrates within the arthropod phylum that have a chitinous exoskeleton, a three-part body (head, thorax and abdomen), three pairs of jointed legs, compound eyes and one pair of antennae. They are the most diverse group of animals on the planet, including more than a million described species and representing more than half of all known living organisms.[2][3] The number of extant species is estimated at between six and ten million,[2][4][5] and potentially represent over 90% of the differing animal life forms on Earth.[6] Insects may be found in nearly all environments, although only a small number of species reside in the oceans, a habitat dominated by another arthropod group, crustaceans.\r\n\r\nThe life cycles of insects vary but most hatch from eggs. Insect growth is constrained by the inelastic exoskeleton and development involves a series of molts. The immature stages can differ from the adults in structure, habit and habitat, and can include a passive pupal stage in those groups that undergo 4-stage metamorphosis (see holometabolism). Insects that undergo 3-stage metamorphosis lack a pupal stage and adults develop through a series of nymphal stages.[7] The higher level relationship of the Hexapoda is unclear. Fossilized insects of enormous size have been found from the Paleozoic Era, including giant dragonflies with wingspans of 55 to 70 cm (22–28 in). The most diverse insect groups appear to have coevolved with flowering plants."], ["created_at", "2017-02-04 21:09:43.212677"], ["updated_at", "2017-02-04 21:09:43.212677"]]
  [1m[35m (11.7ms)[0m  COMMIT
Redirected to http://localhost:3000/articles/6
Completed 302 Found in 14ms (ActiveRecord: 12.0ms)


Started GET "/articles/6" for ::1 at 2017-02-04 23:09:43 +0200
Processing by ArticlesController#show as HTML
  Parameters: {"id"=>"6"}
  [1m[36mArticle Load (0.2ms)[0m  [1mSELECT  "articles".* FROM "articles" WHERE "articles"."id" = $1 LIMIT 1[0m  [["id", 6]]
  Rendered articles/show.html.erb within layouts/application (0.3ms)
  [1m[35mUser Load (0.3ms)[0m  SELECT  "users".* FROM "users" WHERE "users"."id" = $1  ORDER BY "users"."id" ASC LIMIT 1  [["id", 1]]
  Rendered layouts/_nav.html.erb (1.5ms)
  Rendered layouts/_foot.html.erb (0.0ms)
Completed 200 OK in 38ms (Views: 36.8ms | ActiveRecord: 0.6ms)


Started GET "/articles/new" for ::1 at 2017-02-04 23:09:47 +0200
Processing by ArticlesController#new as HTML
  Rendered articles/_form.html.erb (3.7ms)
  Rendered articles/new.html.erb within layouts/application (4.6ms)
  [1m[36mUser Load (0.3ms)[0m  [1mSELECT  "users".* FROM "users" WHERE "users"."id" = $1  ORDER BY "users"."id" ASC LIMIT 1[0m  [["id", 1]]
  Rendered layouts/_nav.html.erb (1.3ms)
  Rendered layouts/_foot.html.erb (0.1ms)
Completed 200 OK in 38ms (Views: 36.5ms | ActiveRecord: 0.3ms)


Started POST "/articles" for ::1 at 2017-02-04 23:10:36 +0200
Processing by ArticlesController#create as HTML
  Parameters: {"utf8"=>"✓", "authenticity_token"=>"nchK4T1TEQUXUGXECqTZsiIepaNQ5dvdibWIzbpMTZ4u+ngOK1gtmzoEBnUOQAHkqrcoMSwNorXNSjMG8xZH1Q==", "article"=>{"title"=>"Kefir", "body"=>"Kefir or kephir (/kəˈfir/ kə-feer),[1][2] alternatively milk kefir, or búlgaros, is a fermented milk drink that originated in the north Caucasus Mountains made with kefir \"grains\", a yeast/bacterial fermentation starter.[3] It is prepared by inoculating cow, goat, or Sheep milk with kefir grains.[4] Traditional kefir was made in goatskin bags that were hung near a doorway; the bag would be knocked by anyone passing through to help keep the milk and kefir grains well mixed.[5]"}, "commit"=>"Create Article"}
  [1m[35m (0.3ms)[0m  BEGIN
  [1m[36mSQL (0.3ms)[0m  [1mINSERT INTO "articles" ("title", "body", "created_at", "updated_at") VALUES ($1, $2, $3, $4) RETURNING "id"[0m  [["title", "Kefir"], ["body", "Kefir or kephir (/kəˈfir/ kə-feer),[1][2] alternatively milk kefir, or búlgaros, is a fermented milk drink that originated in the north Caucasus Mountains made with kefir \"grains\", a yeast/bacterial fermentation starter.[3] It is prepared by inoculating cow, goat, or Sheep milk with kefir grains.[4] Traditional kefir was made in goatskin bags that were hung near a doorway; the bag would be knocked by anyone passing through to help keep the milk and kefir grains well mixed.[5]"], ["created_at", "2017-02-04 21:10:36.931465"], ["updated_at", "2017-02-04 21:10:36.931465"]]
  [1m[35m (6.4ms)[0m  COMMIT
Redirected to http://localhost:3000/articles/7
Completed 302 Found in 10ms (ActiveRecord: 7.0ms)


Started GET "/articles/7" for ::1 at 2017-02-04 23:10:36 +0200
Processing by ArticlesController#show as HTML
  Parameters: {"id"=>"7"}
  [1m[36mArticle Load (0.5ms)[0m  [1mSELECT  "articles".* FROM "articles" WHERE "articles"."id" = $1 LIMIT 1[0m  [["id", 7]]
  Rendered articles/show.html.erb within layouts/application (0.3ms)
  [1m[35mUser Load (0.2ms)[0m  SELECT  "users".* FROM "users" WHERE "users"."id" = $1  ORDER BY "users"."id" ASC LIMIT 1  [["id", 1]]
  Rendered layouts/_nav.html.erb (1.3ms)
  Rendered layouts/_foot.html.erb (0.0ms)
Completed 200 OK in 35ms (Views: 33.0ms | ActiveRecord: 0.7ms)


Started GET "/articles" for ::1 at 2017-02-04 23:10:39 +0200
Processing by ArticlesController#index as HTML
  [1m[36mArticle Load (0.3ms)[0m  [1mSELECT "articles".* FROM "articles"[0m
  Rendered articles/index.html.erb within layouts/application (1.7ms)
  [1m[35mUser Load (0.3ms)[0m  SELECT  "users".* FROM "users" WHERE "users"."id" = $1  ORDER BY "users"."id" ASC LIMIT 1  [["id", 1]]
  Rendered layouts/_nav.html.erb (1.3ms)
  Rendered layouts/_foot.html.erb (0.0ms)
Completed 200 OK in 43ms (Views: 42.3ms | ActiveRecord: 0.6ms)


Started GET "/" for ::1 at 2017-02-04 23:18:10 +0200
Processing by PagesController#show as HTML
  Parameters: {"page"=>"home"}
  Rendered pages/home.html.erb within layouts/application (10.2ms)
Completed 500 Internal Server Error in 16ms (ActiveRecord: 0.0ms)

ActionView::Template::Error (undefined method `each' for nil:NilClass):
    25:         <!-- Side Widget Well -->
    26:         <div class="well">
    27:           <h4>Recent Posts</h4>
    28:             <% @articles.each do |a| %>
    29:               Created by: <%= a.user.username %><br />
    30:               <strong><%= link_to a.title, a %></strong>
    31:               <p><%= truncate(a.body) %></p>
  app/views/pages/home.html.erb:28:in `_app_views_pages_home_html_erb__834202254967628146_70216239102380'
  app/controllers/pages_controller.rb:4:in `show'


  Rendered /Users/craig/.rbenv/versions/2.3.1/lib/ruby/gems/2.3.0/gems/actionpack-4.2.5/lib/action_dispatch/middleware/templates/rescues/_source.erb (7.2ms)
  Rendered /Users/craig/.rbenv/versions/2.3.1/lib/ruby/gems/2.3.0/gems/actionpack-4.2.5/lib/action_dispatch/middleware/templates/rescues/_trace.html.erb (3.3ms)
  Rendered /Users/craig/.rbenv/versions/2.3.1/lib/ruby/gems/2.3.0/gems/actionpack-4.2.5/lib/action_dispatch/middleware/templates/rescues/_request_and_response.html.erb (0.9ms)
  Rendered /Users/craig/.rbenv/versions/2.3.1/lib/ruby/gems/2.3.0/gems/actionpack-4.2.5/lib/action_dispatch/middleware/templates/rescues/template_error.html.erb within rescues/layout (65.3ms)
  Rendered /Users/craig/.rbenv/versions/2.3.1/lib/ruby/gems/2.3.0/gems/web-console-2.3.0/lib/web_console/templates/_markup.html.erb (0.5ms)
  Rendered /Users/craig/.rbenv/versions/2.3.1/lib/ruby/gems/2.3.0/gems/web-console-2.3.0/lib/web_console/templates/_inner_console_markup.html.erb within layouts/inlined_string (0.3ms)
  Rendered /Users/craig/.rbenv/versions/2.3.1/lib/ruby/gems/2.3.0/gems/web-console-2.3.0/lib/web_console/templates/_prompt_box_markup.html.erb within layouts/inlined_string (0.2ms)
  Rendered /Users/craig/.rbenv/versions/2.3.1/lib/ruby/gems/2.3.0/gems/web-console-2.3.0/lib/web_console/templates/style.css.erb within layouts/inlined_string (0.4ms)
  Rendered /Users/craig/.rbenv/versions/2.3.1/lib/ruby/gems/2.3.0/gems/web-console-2.3.0/lib/web_console/templates/console.js.erb within layouts/javascript (48.7ms)
  Rendered /Users/craig/.rbenv/versions/2.3.1/lib/ruby/gems/2.3.0/gems/web-console-2.3.0/lib/web_console/templates/main.js.erb within layouts/javascript (0.3ms)
  Rendered /Users/craig/.rbenv/versions/2.3.1/lib/ruby/gems/2.3.0/gems/web-console-2.3.0/lib/web_console/templates/error_page.js.erb within layouts/javascript (0.5ms)
  Rendered /Users/craig/.rbenv/versions/2.3.1/lib/ruby/gems/2.3.0/gems/web-console-2.3.0/lib/web_console/templates/index.html.erb (107.2ms)


Started GET "/" for ::1 at 2017-02-04 23:19:09 +0200
Processing by PagesController#show as HTML
  Parameters: {"page"=>"home"}
  Rendered pages/home.html.erb within layouts/application (0.3ms)
  [1m[36mUser Load (0.4ms)[0m  [1mSELECT  "users".* FROM "users" WHERE "users"."id" = $1  ORDER BY "users"."id" ASC LIMIT 1[0m  [["id", 1]]
  Rendered layouts/_nav.html.erb (1.6ms)
  Rendered layouts/_foot.html.erb (0.0ms)
Completed 200 OK in 46ms (Views: 45.8ms | ActiveRecord: 0.4ms)


Started GET "/" for ::1 at 2017-02-04 23:28:47 +0200
Processing by PagesController#show as HTML
  Parameters: {"page"=>"home"}
  Rendered pages/home.html.erb within layouts/application (2.3ms)
Completed 500 Internal Server Error in 7ms (ActiveRecord: 0.0ms)

ActionView::Template::Error (undefined method `each' for nil:NilClass):
    25:         <!-- Side Widget Well -->
    26:         <div class="well">
    27:           <h4>Recent Posts</h4>
    28:             <% @articles.each do |a| %>
    29:               Created by: <%= a.user.username %><br />
    30:               <strong><%= link_to a.title, a %></strong>
    31:               <p><%= truncate(a.body) %></p>
  app/views/pages/home.html.erb:28:in `_app_views_pages_home_html_erb__834202254967628146_70216206956920'
  app/controllers/pages_controller.rb:5:in `show'


  Rendered /Users/craig/.rbenv/versions/2.3.1/lib/ruby/gems/2.3.0/gems/actionpack-4.2.5/lib/action_dispatch/middleware/templates/rescues/_source.erb (3.6ms)
  Rendered /Users/craig/.rbenv/versions/2.3.1/lib/ruby/gems/2.3.0/gems/actionpack-4.2.5/lib/action_dispatch/middleware/templates/rescues/_trace.html.erb (1.5ms)
  Rendered /Users/craig/.rbenv/versions/2.3.1/lib/ruby/gems/2.3.0/gems/actionpack-4.2.5/lib/action_dispatch/middleware/templates/rescues/_request_and_response.html.erb (0.6ms)
  Rendered /Users/craig/.rbenv/versions/2.3.1/lib/ruby/gems/2.3.0/gems/actionpack-4.2.5/lib/action_dispatch/middleware/templates/rescues/template_error.html.erb within rescues/layout (46.6ms)
  Rendered /Users/craig/.rbenv/versions/2.3.1/lib/ruby/gems/2.3.0/gems/web-console-2.3.0/lib/web_console/templates/_markup.html.erb (0.5ms)
  Rendered /Users/craig/.rbenv/versions/2.3.1/lib/ruby/gems/2.3.0/gems/web-console-2.3.0/lib/web_console/templates/_inner_console_markup.html.erb within layouts/inlined_string (0.3ms)
  Rendered /Users/craig/.rbenv/versions/2.3.1/lib/ruby/gems/2.3.0/gems/web-console-2.3.0/lib/web_console/templates/_prompt_box_markup.html.erb within layouts/inlined_string (0.3ms)
  Rendered /Users/craig/.rbenv/versions/2.3.1/lib/ruby/gems/2.3.0/gems/web-console-2.3.0/lib/web_console/templates/style.css.erb within layouts/inlined_string (0.3ms)
  Rendered /Users/craig/.rbenv/versions/2.3.1/lib/ruby/gems/2.3.0/gems/web-console-2.3.0/lib/web_console/templates/console.js.erb within layouts/javascript (41.4ms)
  Rendered /Users/craig/.rbenv/versions/2.3.1/lib/ruby/gems/2.3.0/gems/web-console-2.3.0/lib/web_console/templates/main.js.erb within layouts/javascript (0.2ms)
  Rendered /Users/craig/.rbenv/versions/2.3.1/lib/ruby/gems/2.3.0/gems/web-console-2.3.0/lib/web_console/templates/error_page.js.erb within layouts/javascript (0.3ms)
  Rendered /Users/craig/.rbenv/versions/2.3.1/lib/ruby/gems/2.3.0/gems/web-console-2.3.0/lib/web_console/templates/index.html.erb (95.2ms)


Started GET "/" for ::1 at 2017-02-04 23:29:12 +0200
Processing by PagesController#show as HTML
  Parameters: {"page"=>"home"}
  Rendered pages/home.html.erb within layouts/application (2.2ms)
Completed 500 Internal Server Error in 6ms (ActiveRecord: 0.0ms)

ActionView::Template::Error (undefined method `each' for nil:NilClass):
    25:         <!-- Side Widget Well -->
    26:         <div class="well">
    27:           <h4>Recent Posts</h4>
    28:             <% @articles.each do |a| %>
    29:              
    30:               <strong><%= link_to a.title, a %></strong>
    31:               <p><%= truncate(a.body) %></p>
  app/views/pages/home.html.erb:28:in `_app_views_pages_home_html_erb__834202254967628146_70216229249680'
  app/controllers/pages_controller.rb:5:in `show'


  Rendered /Users/craig/.rbenv/versions/2.3.1/lib/ruby/gems/2.3.0/gems/actionpack-4.2.5/lib/action_dispatch/middleware/templates/rescues/_source.erb (3.4ms)
  Rendered /Users/craig/.rbenv/versions/2.3.1/lib/ruby/gems/2.3.0/gems/actionpack-4.2.5/lib/action_dispatch/middleware/templates/rescues/_trace.html.erb (1.6ms)
  Rendered /Users/craig/.rbenv/versions/2.3.1/lib/ruby/gems/2.3.0/gems/actionpack-4.2.5/lib/action_dispatch/middleware/templates/rescues/_request_and_response.html.erb (0.6ms)
  Rendered /Users/craig/.rbenv/versions/2.3.1/lib/ruby/gems/2.3.0/gems/actionpack-4.2.5/lib/action_dispatch/middleware/templates/rescues/template_error.html.erb within rescues/layout (46.1ms)
  Rendered /Users/craig/.rbenv/versions/2.3.1/lib/ruby/gems/2.3.0/gems/web-console-2.3.0/lib/web_console/templates/_markup.html.erb (0.4ms)
  Rendered /Users/craig/.rbenv/versions/2.3.1/lib/ruby/gems/2.3.0/gems/web-console-2.3.0/lib/web_console/templates/_inner_console_markup.html.erb within layouts/inlined_string (0.2ms)
  Rendered /Users/craig/.rbenv/versions/2.3.1/lib/ruby/gems/2.3.0/gems/web-console-2.3.0/lib/web_console/templates/_prompt_box_markup.html.erb within layouts/inlined_string (0.3ms)
  Rendered /Users/craig/.rbenv/versions/2.3.1/lib/ruby/gems/2.3.0/gems/web-console-2.3.0/lib/web_console/templates/style.css.erb within layouts/inlined_string (0.3ms)
  Rendered /Users/craig/.rbenv/versions/2.3.1/lib/ruby/gems/2.3.0/gems/web-console-2.3.0/lib/web_console/templates/console.js.erb within layouts/javascript (40.3ms)
  Rendered /Users/craig/.rbenv/versions/2.3.1/lib/ruby/gems/2.3.0/gems/web-console-2.3.0/lib/web_console/templates/main.js.erb within layouts/javascript (0.3ms)
  Rendered /Users/craig/.rbenv/versions/2.3.1/lib/ruby/gems/2.3.0/gems/web-console-2.3.0/lib/web_console/templates/error_page.js.erb within layouts/javascript (0.4ms)
  Rendered /Users/craig/.rbenv/versions/2.3.1/lib/ruby/gems/2.3.0/gems/web-console-2.3.0/lib/web_console/templates/index.html.erb (89.6ms)


Started GET "/" for ::1 at 2017-02-04 23:29:24 +0200
Processing by PagesController#show as HTML
  Parameters: {"page"=>"home"}
  Rendered pages/home.html.erb within layouts/application (1.8ms)
Completed 500 Internal Server Error in 6ms (ActiveRecord: 0.0ms)

ActionView::Template::Error (undefined method `each' for nil:NilClass):
    25:         <!-- Side Widget Well -->
    26:         <div class="well">
    27:           <h4>Recent Posts</h4>
    28:             <% @articles.each do |a| %>
    29:              
    30:               <strong><%= link_to a.title, a %></strong>
    31:               <p><%= truncate(a.body) %></p>
  app/views/pages/home.html.erb:28:in `_app_views_pages_home_html_erb__834202254967628146_70216229249680'
  app/controllers/pages_controller.rb:5:in `show'


  Rendered /Users/craig/.rbenv/versions/2.3.1/lib/ruby/gems/2.3.0/gems/actionpack-4.2.5/lib/action_dispatch/middleware/templates/rescues/_source.erb (4.6ms)
  Rendered /Users/craig/.rbenv/versions/2.3.1/lib/ruby/gems/2.3.0/gems/actionpack-4.2.5/lib/action_dispatch/middleware/templates/rescues/_trace.html.erb (1.9ms)
  Rendered /Users/craig/.rbenv/versions/2.3.1/lib/ruby/gems/2.3.0/gems/actionpack-4.2.5/lib/action_dispatch/middleware/templates/rescues/_request_and_response.html.erb (0.6ms)
  Rendered /Users/craig/.rbenv/versions/2.3.1/lib/ruby/gems/2.3.0/gems/actionpack-4.2.5/lib/action_dispatch/middleware/templates/rescues/template_error.html.erb within rescues/layout (46.8ms)
  Rendered /Users/craig/.rbenv/versions/2.3.1/lib/ruby/gems/2.3.0/gems/web-console-2.3.0/lib/web_console/templates/_markup.html.erb (0.3ms)
  Rendered /Users/craig/.rbenv/versions/2.3.1/lib/ruby/gems/2.3.0/gems/web-console-2.3.0/lib/web_console/templates/_inner_console_markup.html.erb within layouts/inlined_string (0.2ms)
  Rendered /Users/craig/.rbenv/versions/2.3.1/lib/ruby/gems/2.3.0/gems/web-console-2.3.0/lib/web_console/templates/_prompt_box_markup.html.erb within layouts/inlined_string (0.3ms)
  Rendered /Users/craig/.rbenv/versions/2.3.1/lib/ruby/gems/2.3.0/gems/web-console-2.3.0/lib/web_console/templates/style.css.erb within layouts/inlined_string (0.4ms)
  Rendered /Users/craig/.rbenv/versions/2.3.1/lib/ruby/gems/2.3.0/gems/web-console-2.3.0/lib/web_console/templates/console.js.erb within layouts/javascript (40.4ms)
  Rendered /Users/craig/.rbenv/versions/2.3.1/lib/ruby/gems/2.3.0/gems/web-console-2.3.0/lib/web_console/templates/main.js.erb within layouts/javascript (0.3ms)
  Rendered /Users/craig/.rbenv/versions/2.3.1/lib/ruby/gems/2.3.0/gems/web-console-2.3.0/lib/web_console/templates/error_page.js.erb within layouts/javascript (0.5ms)
  Rendered /Users/craig/.rbenv/versions/2.3.1/lib/ruby/gems/2.3.0/gems/web-console-2.3.0/lib/web_console/templates/index.html.erb (92.0ms)


Started GET "/" for ::1 at 2017-02-04 23:29:25 +0200
Processing by PagesController#show as HTML
  Parameters: {"page"=>"home"}
  Rendered pages/home.html.erb within layouts/application (2.5ms)
Completed 500 Internal Server Error in 7ms (ActiveRecord: 0.0ms)

ActionView::Template::Error (undefined method `each' for nil:NilClass):
    25:         <!-- Side Widget Well -->
    26:         <div class="well">
    27:           <h4>Recent Posts</h4>
    28:             <% @articles.each do |a| %>
    29:              
    30:               <strong><%= link_to a.title, a %></strong>
    31:               <p><%= truncate(a.body) %></p>
  app/views/pages/home.html.erb:28:in `_app_views_pages_home_html_erb__834202254967628146_70216229249680'
  app/controllers/pages_controller.rb:5:in `show'


  Rendered /Users/craig/.rbenv/versions/2.3.1/lib/ruby/gems/2.3.0/gems/actionpack-4.2.5/lib/action_dispatch/middleware/templates/rescues/_source.erb (4.6ms)
  Rendered /Users/craig/.rbenv/versions/2.3.1/lib/ruby/gems/2.3.0/gems/actionpack-4.2.5/lib/action_dispatch/middleware/templates/rescues/_trace.html.erb (2.0ms)
  Rendered /Users/craig/.rbenv/versions/2.3.1/lib/ruby/gems/2.3.0/gems/actionpack-4.2.5/lib/action_dispatch/middleware/templates/rescues/_request_and_response.html.erb (0.9ms)
  Rendered /Users/craig/.rbenv/versions/2.3.1/lib/ruby/gems/2.3.0/gems/actionpack-4.2.5/lib/action_dispatch/middleware/templates/rescues/template_error.html.erb within rescues/layout (48.7ms)
  Rendered /Users/craig/.rbenv/versions/2.3.1/lib/ruby/gems/2.3.0/gems/web-console-2.3.0/lib/web_console/templates/_markup.html.erb (0.3ms)
  Rendered /Users/craig/.rbenv/versions/2.3.1/lib/ruby/gems/2.3.0/gems/web-console-2.3.0/lib/web_console/templates/_inner_console_markup.html.erb within layouts/inlined_string (0.3ms)
  Rendered /Users/craig/.rbenv/versions/2.3.1/lib/ruby/gems/2.3.0/gems/web-console-2.3.0/lib/web_console/templates/_prompt_box_markup.html.erb within layouts/inlined_string (0.3ms)
  Rendered /Users/craig/.rbenv/versions/2.3.1/lib/ruby/gems/2.3.0/gems/web-console-2.3.0/lib/web_console/templates/style.css.erb within layouts/inlined_string (0.4ms)
  Rendered /Users/craig/.rbenv/versions/2.3.1/lib/ruby/gems/2.3.0/gems/web-console-2.3.0/lib/web_console/templates/console.js.erb within layouts/javascript (42.2ms)
  Rendered /Users/craig/.rbenv/versions/2.3.1/lib/ruby/gems/2.3.0/gems/web-console-2.3.0/lib/web_console/templates/main.js.erb within layouts/javascript (0.4ms)
  Rendered /Users/craig/.rbenv/versions/2.3.1/lib/ruby/gems/2.3.0/gems/web-console-2.3.0/lib/web_console/templates/error_page.js.erb within layouts/javascript (0.4ms)
  Rendered /Users/craig/.rbenv/versions/2.3.1/lib/ruby/gems/2.3.0/gems/web-console-2.3.0/lib/web_console/templates/index.html.erb (95.5ms)


Started GET "/" for ::1 at 2017-02-04 23:30:32 +0200
Processing by PagesController#show as HTML
  Parameters: {"page"=>"home"}
  Rendered pages/home.html.erb within layouts/application (3.1ms)
Completed 500 Internal Server Error in 9ms (ActiveRecord: 0.0ms)

ActionView::Template::Error (undefined method `each' for nil:NilClass):
    25:         <!-- Side Widget Well -->
    26:         <div class="well">
    27:           <h4>Recent Posts</h4>
    28:             <% @articles.each do |a| %>
    29:              
    30:               <strong><%= link_to a.title, a %></strong>
    31:               <p><%= truncate(a.body) %></p>
  app/views/pages/home.html.erb:28:in `_app_views_pages_home_html_erb__834202254967628146_70216229249680'
  app/controllers/pages_controller.rb:5:in `show'


  Rendered /Users/craig/.rbenv/versions/2.3.1/lib/ruby/gems/2.3.0/gems/actionpack-4.2.5/lib/action_dispatch/middleware/templates/rescues/_source.erb (4.9ms)
  Rendered /Users/craig/.rbenv/versions/2.3.1/lib/ruby/gems/2.3.0/gems/actionpack-4.2.5/lib/action_dispatch/middleware/templates/rescues/_trace.html.erb (1.6ms)
  Rendered /Users/craig/.rbenv/versions/2.3.1/lib/ruby/gems/2.3.0/gems/actionpack-4.2.5/lib/action_dispatch/middleware/templates/rescues/_request_and_response.html.erb (0.6ms)
  Rendered /Users/craig/.rbenv/versions/2.3.1/lib/ruby/gems/2.3.0/gems/actionpack-4.2.5/lib/action_dispatch/middleware/templates/rescues/template_error.html.erb within rescues/layout (47.0ms)
  Rendered /Users/craig/.rbenv/versions/2.3.1/lib/ruby/gems/2.3.0/gems/web-console-2.3.0/lib/web_console/templates/_markup.html.erb (0.3ms)
  Rendered /Users/craig/.rbenv/versions/2.3.1/lib/ruby/gems/2.3.0/gems/web-console-2.3.0/lib/web_console/templates/_inner_console_markup.html.erb within layouts/inlined_string (0.2ms)
  Rendered /Users/craig/.rbenv/versions/2.3.1/lib/ruby/gems/2.3.0/gems/web-console-2.3.0/lib/web_console/templates/_prompt_box_markup.html.erb within layouts/inlined_string (0.3ms)
  Rendered /Users/craig/.rbenv/versions/2.3.1/lib/ruby/gems/2.3.0/gems/web-console-2.3.0/lib/web_console/templates/style.css.erb within layouts/inlined_string (0.3ms)
  Rendered /Users/craig/.rbenv/versions/2.3.1/lib/ruby/gems/2.3.0/gems/web-console-2.3.0/lib/web_console/templates/console.js.erb within layouts/javascript (41.8ms)
  Rendered /Users/craig/.rbenv/versions/2.3.1/lib/ruby/gems/2.3.0/gems/web-console-2.3.0/lib/web_console/templates/main.js.erb within layouts/javascript (0.4ms)
  Rendered /Users/craig/.rbenv/versions/2.3.1/lib/ruby/gems/2.3.0/gems/web-console-2.3.0/lib/web_console/templates/error_page.js.erb within layouts/javascript (0.4ms)
  Rendered /Users/craig/.rbenv/versions/2.3.1/lib/ruby/gems/2.3.0/gems/web-console-2.3.0/lib/web_console/templates/index.html.erb (93.5ms)


Started GET "/" for ::1 at 2017-02-04 23:35:28 +0200
Processing by PagesController#show as HTML
  Parameters: {"page"=>"home"}
Completed 500 Internal Server Error in 2ms (ActiveRecord: 0.0ms)

NameError (uninitialized constant PagesController::Articles):
  app/controllers/pages_controller.rb:5:in `show'


  Rendered /Users/craig/.rbenv/versions/2.3.1/lib/ruby/gems/2.3.0/gems/actionpack-4.2.5/lib/action_dispatch/middleware/templates/rescues/_source.erb (2.9ms)
  Rendered /Users/craig/.rbenv/versions/2.3.1/lib/ruby/gems/2.3.0/gems/actionpack-4.2.5/lib/action_dispatch/middleware/templates/rescues/_trace.html.erb (1.2ms)
  Rendered /Users/craig/.rbenv/versions/2.3.1/lib/ruby/gems/2.3.0/gems/actionpack-4.2.5/lib/action_dispatch/middleware/templates/rescues/_request_and_response.html.erb (0.6ms)
  Rendered /Users/craig/.rbenv/versions/2.3.1/lib/ruby/gems/2.3.0/gems/actionpack-4.2.5/lib/action_dispatch/middleware/templates/rescues/diagnostics.html.erb within rescues/layout (44.8ms)
  Rendered /Users/craig/.rbenv/versions/2.3.1/lib/ruby/gems/2.3.0/gems/web-console-2.3.0/lib/web_console/templates/_markup.html.erb (0.2ms)
  Rendered /Users/craig/.rbenv/versions/2.3.1/lib/ruby/gems/2.3.0/gems/web-console-2.3.0/lib/web_console/templates/_inner_console_markup.html.erb within layouts/inlined_string (0.2ms)
  Rendered /Users/craig/.rbenv/versions/2.3.1/lib/ruby/gems/2.3.0/gems/web-console-2.3.0/lib/web_console/templates/_prompt_box_markup.html.erb within layouts/inlined_string (0.4ms)
  Rendered /Users/craig/.rbenv/versions/2.3.1/lib/ruby/gems/2.3.0/gems/web-console-2.3.0/lib/web_console/templates/style.css.erb within layouts/inlined_string (0.3ms)
  Rendered /Users/craig/.rbenv/versions/2.3.1/lib/ruby/gems/2.3.0/gems/web-console-2.3.0/lib/web_console/templates/console.js.erb within layouts/javascript (41.9ms)
  Rendered /Users/craig/.rbenv/versions/2.3.1/lib/ruby/gems/2.3.0/gems/web-console-2.3.0/lib/web_console/templates/main.js.erb within layouts/javascript (0.2ms)
  Rendered /Users/craig/.rbenv/versions/2.3.1/lib/ruby/gems/2.3.0/gems/web-console-2.3.0/lib/web_console/templates/error_page.js.erb within layouts/javascript (0.4ms)
  Rendered /Users/craig/.rbenv/versions/2.3.1/lib/ruby/gems/2.3.0/gems/web-console-2.3.0/lib/web_console/templates/index.html.erb (92.6ms)


Started GET "/" for ::1 at 2017-02-04 23:43:50 +0200
  [1m[36mActiveRecord::SchemaMigration Load (0.5ms)[0m  [1mSELECT "schema_migrations".* FROM "schema_migrations"[0m
Processing by PagesController#home as HTML
Completed 500 Internal Server Error in 9ms (ActiveRecord: 0.0ms)

NameError (uninitialized constant PagesController::Articles):
  app/controllers/pages_controller.rb:12:in `home'


  Rendered /Users/craig/.rbenv/versions/2.3.1/lib/ruby/gems/2.3.0/gems/actionpack-4.2.5/lib/action_dispatch/middleware/templates/rescues/_source.erb (3.1ms)
  Rendered /Users/craig/.rbenv/versions/2.3.1/lib/ruby/gems/2.3.0/gems/actionpack-4.2.5/lib/action_dispatch/middleware/templates/rescues/_trace.html.erb (1.4ms)
  Rendered /Users/craig/.rbenv/versions/2.3.1/lib/ruby/gems/2.3.0/gems/actionpack-4.2.5/lib/action_dispatch/middleware/templates/rescues/_request_and_response.html.erb (0.7ms)
  Rendered /Users/craig/.rbenv/versions/2.3.1/lib/ruby/gems/2.3.0/gems/actionpack-4.2.5/lib/action_dispatch/middleware/templates/rescues/diagnostics.html.erb within rescues/layout (52.0ms)
  Rendered /Users/craig/.rbenv/versions/2.3.1/lib/ruby/gems/2.3.0/gems/web-console-2.3.0/lib/web_console/templates/_markup.html.erb (0.3ms)
  Rendered /Users/craig/.rbenv/versions/2.3.1/lib/ruby/gems/2.3.0/gems/web-console-2.3.0/lib/web_console/templates/_inner_console_markup.html.erb within layouts/inlined_string (0.3ms)
  Rendered /Users/craig/.rbenv/versions/2.3.1/lib/ruby/gems/2.3.0/gems/web-console-2.3.0/lib/web_console/templates/_prompt_box_markup.html.erb within layouts/inlined_string (0.3ms)
  Rendered /Users/craig/.rbenv/versions/2.3.1/lib/ruby/gems/2.3.0/gems/web-console-2.3.0/lib/web_console/templates/style.css.erb within layouts/inlined_string (0.3ms)
  Rendered /Users/craig/.rbenv/versions/2.3.1/lib/ruby/gems/2.3.0/gems/web-console-2.3.0/lib/web_console/templates/console.js.erb within layouts/javascript (56.4ms)
  Rendered /Users/craig/.rbenv/versions/2.3.1/lib/ruby/gems/2.3.0/gems/web-console-2.3.0/lib/web_console/templates/main.js.erb within layouts/javascript (0.3ms)
  Rendered /Users/craig/.rbenv/versions/2.3.1/lib/ruby/gems/2.3.0/gems/web-console-2.3.0/lib/web_console/templates/error_page.js.erb within layouts/javascript (0.3ms)
  Rendered /Users/craig/.rbenv/versions/2.3.1/lib/ruby/gems/2.3.0/gems/web-console-2.3.0/lib/web_console/templates/index.html.erb (117.4ms)


Started GET "/" for ::1 at 2017-02-04 23:49:40 +0200
Processing by PagesController#home as HTML
  [1m[35mArticle Load (0.5ms)[0m  SELECT "articles".* FROM "articles"
  Rendered pages/home.html.erb within layouts/application (6.3ms)
  [1m[36mUser Load (0.6ms)[0m  [1mSELECT  "users".* FROM "users" WHERE "users"."id" = $1  ORDER BY "users"."id" ASC LIMIT 1[0m  [["id", 1]]
  Rendered layouts/_nav.html.erb (36.5ms)
  Rendered layouts/_foot.html.erb (0.3ms)
Completed 200 OK in 310ms (Views: 296.0ms | ActiveRecord: 4.5ms)


Started GET "/articles/3" for ::1 at 2017-02-04 23:49:46 +0200
Processing by ArticlesController#show as HTML
  Parameters: {"id"=>"3"}
  [1m[35mArticle Load (0.2ms)[0m  SELECT  "articles".* FROM "articles" WHERE "articles"."id" = $1 LIMIT 1  [["id", 3]]
  Rendered articles/show.html.erb within layouts/application (0.8ms)
  [1m[36mUser Load (0.3ms)[0m  [1mSELECT  "users".* FROM "users" WHERE "users"."id" = $1  ORDER BY "users"."id" ASC LIMIT 1[0m  [["id", 1]]
  Rendered layouts/_nav.html.erb (1.5ms)
  Rendered layouts/_foot.html.erb (0.0ms)
Completed 200 OK in 48ms (Views: 45.0ms | ActiveRecord: 0.6ms)


Started GET "/articles" for ::1 at 2017-02-04 23:49:49 +0200
Processing by ArticlesController#index as HTML
  [1m[35mArticle Load (0.4ms)[0m  SELECT "articles".* FROM "articles"
  Rendered articles/index.html.erb within layouts/application (2.7ms)
  [1m[36mUser Load (0.4ms)[0m  [1mSELECT  "users".* FROM "users" WHERE "users"."id" = $1  ORDER BY "users"."id" ASC LIMIT 1[0m  [["id", 1]]
  Rendered layouts/_nav.html.erb (2.0ms)
  Rendered layouts/_foot.html.erb (0.3ms)
Completed 200 OK in 66ms (Views: 64.5ms | ActiveRecord: 0.8ms)


Started GET "/" for ::1 at 2017-02-04 23:49:53 +0200
Processing by PagesController#home as HTML
  [1m[35mArticle Load (0.4ms)[0m  SELECT "articles".* FROM "articles"
  Rendered pages/home.html.erb within layouts/application (2.4ms)
  [1m[36mUser Load (0.3ms)[0m  [1mSELECT  "users".* FROM "users" WHERE "users"."id" = $1  ORDER BY "users"."id" ASC LIMIT 1[0m  [["id", 1]]
  Rendered layouts/_nav.html.erb (1.4ms)
  Rendered layouts/_foot.html.erb (0.0ms)
Completed 200 OK in 59ms (Views: 57.7ms | ActiveRecord: 0.7ms)


Started GET "/" for ::1 at 2017-02-04 23:51:22 +0200
Processing by PagesController#home as HTML
  [1m[35mArticle Load (0.2ms)[0m  SELECT  "articles".* FROM "articles"  ORDER BY "articles"."id" DESC LIMIT 5
  Rendered pages/home.html.erb within layouts/application (0.7ms)
  [1m[36mUser Load (0.3ms)[0m  [1mSELECT  "users".* FROM "users" WHERE "users"."id" = $1  ORDER BY "users"."id" ASC LIMIT 1[0m  [["id", 1]]
  Rendered layouts/_nav.html.erb (10.1ms)
  Rendered layouts/_foot.html.erb (0.0ms)
Completed 200 OK in 51ms (Views: 43.0ms | ActiveRecord: 3.9ms)


Started GET "/" for ::1 at 2017-02-04 23:53:22 +0200
Processing by PagesController#home as HTML
  [1m[35mArticle Load (0.3ms)[0m  SELECT  "articles".* FROM "articles"  ORDER BY "articles"."id" DESC LIMIT 5
  Rendered pages/home.html.erb within layouts/application (0.7ms)
  [1m[36mUser Load (0.4ms)[0m  [1mSELECT  "users".* FROM "users" WHERE "users"."id" = $1  ORDER BY "users"."id" ASC LIMIT 1[0m  [["id", 1]]
  Rendered layouts/_nav.html.erb (1.6ms)
  Rendered layouts/_foot.html.erb (0.0ms)
Completed 200 OK in 37ms (Views: 35.1ms | ActiveRecord: 0.6ms)
